{"C:\\Users\\HP\\Documents\\PROYECTO CRUD\\backend\\src\\config\\db.js": {"path":"C:\\Users\\HP\\Documents\\PROYECTO CRUD\\backend\\src\\config\\db.js","statementMap":{"0":{"start":{"line":1,"column":14},"end":{"line":1,"column":39}},"1":{"start":{"line":3,"column":19},"end":{"line":11,"column":1}},"2":{"start":{"line":13,"column":21},"end":{"line":13,"column":72}},"3":{"start":{"line":15,"column":18},"end":{"line":15,"column":46}},"4":{"start":{"line":16,"column":13},"end":{"line":19,"column":2}},"5":{"start":{"line":22,"column":21},"end":{"line":22,"column":52}},"6":{"start":{"line":23,"column":2},"end":{"line":31,"column":3}},"7":{"start":{"line":24,"column":4},"end":{"line":28,"column":6}},"8":{"start":{"line":30,"column":4},"end":{"line":30,"column":25}},"9":{"start":{"line":35,"column":2},"end":{"line":35,"column":25}},"10":{"start":{"line":36,"column":21},"end":{"line":36,"column":47}},"11":{"start":{"line":37,"column":2},"end":{"line":42,"column":3}},"12":{"start":{"line":38,"column":4},"end":{"line":38,"column":28}},"13":{"start":{"line":39,"column":4},"end":{"line":39,"column":16}},"14":{"start":{"line":41,"column":4},"end":{"line":41,"column":25}},"15":{"start":{"line":45,"column":0},"end":{"line":49,"column":2}}},"fnMap":{"0":{"name":"ensureDatabase","decl":{"start":{"line":21,"column":15},"end":{"line":21,"column":29}},"loc":{"start":{"line":21,"column":32},"end":{"line":32,"column":1}},"line":21},"1":{"name":"testConnection","decl":{"start":{"line":34,"column":15},"end":{"line":34,"column":29}},"loc":{"start":{"line":34,"column":32},"end":{"line":43,"column":1}},"line":34}},"branchMap":{"0":{"loc":{"start":{"line":4,"column":8},"end":{"line":4,"column":42}},"type":"binary-expr","locations":[{"start":{"line":4,"column":8},"end":{"line":4,"column":27}},{"start":{"line":4,"column":31},"end":{"line":4,"column":42}}],"line":4},"1":{"loc":{"start":{"line":5,"column":15},"end":{"line":5,"column":42}},"type":"binary-expr","locations":[{"start":{"line":5,"column":15},"end":{"line":5,"column":34}},{"start":{"line":5,"column":38},"end":{"line":5,"column":42}}],"line":5},"2":{"loc":{"start":{"line":6,"column":8},"end":{"line":6,"column":37}},"type":"binary-expr","locations":[{"start":{"line":6,"column":8},"end":{"line":6,"column":27}},{"start":{"line":6,"column":31},"end":{"line":6,"column":37}}],"line":6},"3":{"loc":{"start":{"line":7,"column":12},"end":{"line":7,"column":41}},"type":"binary-expr","locations":[{"start":{"line":7,"column":12},"end":{"line":7,"column":35}},{"start":{"line":7,"column":39},"end":{"line":7,"column":41}}],"line":7},"4":{"loc":{"start":{"line":13,"column":21},"end":{"line":13,"column":72}},"type":"binary-expr","locations":[{"start":{"line":13,"column":21},"end":{"line":13,"column":40}},{"start":{"line":13,"column":44},"end":{"line":13,"column":72}}],"line":13}},"s":{"0":3,"1":3,"2":3,"3":3,"4":3,"5":0,"6":0,"7":0,"8":0,"9":0,"10":0,"11":0,"12":0,"13":0,"14":0,"15":3},"f":{"0":0,"1":0},"b":{"0":[3,0],"1":[3,0],"2":[3,0],"3":[3,0],"4":[3,0]},"_coverageSchema":"1a1c01bbd47fc00a2c39e90264f33305004495a9","hash":"6bd060d40573165353e1d2cc4ab96f2fd9719dff"}
,"C:\\Users\\HP\\Documents\\PROYECTO CRUD\\backend\\src\\config\\env.js": {"path":"C:\\Users\\HP\\Documents\\PROYECTO CRUD\\backend\\src\\config\\env.js","statementMap":{"0":{"start":{"line":1,"column":0},"end":{"line":1,"column":27}},"1":{"start":{"line":3,"column":16},"end":{"line":3,"column":53}},"2":{"start":{"line":4,"column":18},"end":{"line":4,"column":40}},"3":{"start":{"line":6,"column":0},"end":{"line":8,"column":1}},"4":{"start":{"line":7,"column":2},"end":{"line":7,"column":92}},"5":{"start":{"line":10,"column":0},"end":{"line":12,"column":1}},"6":{"start":{"line":11,"column":2},"end":{"line":11,"column":60}},"7":{"start":{"line":14,"column":0},"end":{"line":33,"column":2}},"8":{"start":{"line":23,"column":21},"end":{"line":23,"column":34}}},"fnMap":{"0":{"name":"(anonymous_0)","decl":{"start":{"line":23,"column":9},"end":{"line":23,"column":10}},"loc":{"start":{"line":23,"column":21},"end":{"line":23,"column":34}},"line":23}},"branchMap":{"0":{"loc":{"start":{"line":3,"column":16},"end":{"line":3,"column":53}},"type":"binary-expr","locations":[{"start":{"line":3,"column":16},"end":{"line":3,"column":36}},{"start":{"line":3,"column":40},"end":{"line":3,"column":53}}],"line":3},"1":{"loc":{"start":{"line":6,"column":0},"end":{"line":8,"column":1}},"type":"if","locations":[{"start":{"line":6,"column":0},"end":{"line":8,"column":1}},{"start":{},"end":{}}],"line":6},"2":{"loc":{"start":{"line":6,"column":4},"end":{"line":6,"column":69}},"type":"binary-expr","locations":[{"start":{"line":6,"column":4},"end":{"line":6,"column":14}},{"start":{"line":6,"column":18},"end":{"line":6,"column":39}},{"start":{"line":6,"column":43},"end":{"line":6,"column":69}}],"line":6},"3":{"loc":{"start":{"line":10,"column":0},"end":{"line":12,"column":1}},"type":"if","locations":[{"start":{"line":10,"column":0},"end":{"line":12,"column":1}},{"start":{},"end":{}}],"line":10},"4":{"loc":{"start":{"line":15,"column":8},"end":{"line":15,"column":32}},"type":"binary-expr","locations":[{"start":{"line":15,"column":8},"end":{"line":15,"column":24}},{"start":{"line":15,"column":28},"end":{"line":15,"column":32}}],"line":15},"5":{"loc":{"start":{"line":18,"column":16},"end":{"line":18,"column":50}},"type":"binary-expr","locations":[{"start":{"line":18,"column":16},"end":{"line":18,"column":42}},{"start":{"line":18,"column":46},"end":{"line":18,"column":50}}],"line":18},"6":{"loc":{"start":{"line":19,"column":40},"end":{"line":19,"column":88}},"type":"binary-expr","locations":[{"start":{"line":19,"column":40},"end":{"line":19,"column":82}},{"start":{"line":19,"column":86},"end":{"line":19,"column":88}}],"line":19},"7":{"loc":{"start":{"line":20,"column":15},"end":{"line":20,"column":66}},"type":"binary-expr","locations":[{"start":{"line":20,"column":15},"end":{"line":20,"column":39}},{"start":{"line":20,"column":43},"end":{"line":20,"column":66}}],"line":20},"8":{"loc":{"start":{"line":21,"column":16},"end":{"line":21,"column":95}},"type":"binary-expr","locations":[{"start":{"line":21,"column":16},"end":{"line":21,"column":40}},{"start":{"line":21,"column":44},"end":{"line":21,"column":68}},{"start":{"line":21,"column":72},"end":{"line":21,"column":95}}],"line":21},"9":{"loc":{"start":{"line":26,"column":10},"end":{"line":26,"column":37}},"type":"binary-expr","locations":[{"start":{"line":26,"column":10},"end":{"line":26,"column":31}},{"start":{"line":26,"column":35},"end":{"line":26,"column":37}}],"line":26},"10":{"loc":{"start":{"line":27,"column":17},"end":{"line":27,"column":45}},"type":"binary-expr","locations":[{"start":{"line":27,"column":17},"end":{"line":27,"column":38}},{"start":{"line":27,"column":42},"end":{"line":27,"column":45}}],"line":27},"11":{"loc":{"start":{"line":29,"column":10},"end":{"line":29,"column":37}},"type":"binary-expr","locations":[{"start":{"line":29,"column":10},"end":{"line":29,"column":31}},{"start":{"line":29,"column":35},"end":{"line":29,"column":37}}],"line":29},"12":{"loc":{"start":{"line":30,"column":10},"end":{"line":30,"column":37}},"type":"binary-expr","locations":[{"start":{"line":30,"column":10},"end":{"line":30,"column":31}},{"start":{"line":30,"column":35},"end":{"line":30,"column":37}}],"line":30},"13":{"loc":{"start":{"line":31,"column":10},"end":{"line":31,"column":81}},"type":"binary-expr","locations":[{"start":{"line":31,"column":10},"end":{"line":31,"column":31}},{"start":{"line":31,"column":35},"end":{"line":31,"column":56}},{"start":{"line":31,"column":60},"end":{"line":31,"column":81}}],"line":31}},"s":{"0":6,"1":6,"2":6,"3":6,"4":0,"5":6,"6":0,"7":6,"8":6},"f":{"0":6},"b":{"0":[6,0],"1":[0,6],"2":[6,6,6],"3":[0,6],"4":[6,0],"5":[6,0],"6":[6,6],"7":[6,0],"8":[6,0,0],"9":[6,0],"10":[6,0],"11":[6,0],"12":[6,0],"13":[6,0,0]},"_coverageSchema":"1a1c01bbd47fc00a2c39e90264f33305004495a9","hash":"1fc29dc3cd516d5cafb35d6a7c2b31e6c476ac5c"}
,"C:\\Users\\HP\\Documents\\PROYECTO CRUD\\backend\\src\\controllers\\auth.controller.js": {"path":"C:\\Users\\HP\\Documents\\PROYECTO CRUD\\backend\\src\\controllers\\auth.controller.js","statementMap":{"0":{"start":{"line":1,"column":20},"end":{"line":1,"column":55}},"1":{"start":{"line":2,"column":29},"end":{"line":2,"column":74}},"2":{"start":{"line":3,"column":33},"end":{"line":3,"column":82}},"3":{"start":{"line":4,"column":21},"end":{"line":4,"column":53}},"4":{"start":{"line":6,"column":17},"end":{"line":13,"column":2}},"5":{"start":{"line":7,"column":18},"end":{"line":7,"column":54}},"6":{"start":{"line":8,"column":2},"end":{"line":12,"column":5}},"7":{"start":{"line":15,"column":14},"end":{"line":26,"column":2}},"8":{"start":{"line":16,"column":17},"end":{"line":20,"column":4}},"9":{"start":{"line":21,"column":2},"end":{"line":25,"column":5}},"10":{"start":{"line":28,"column":19},"end":{"line":39,"column":2}},"11":{"start":{"line":29,"column":17},"end":{"line":33,"column":4}},"12":{"start":{"line":34,"column":2},"end":{"line":38,"column":5}},"13":{"start":{"line":41,"column":11},"end":{"line":46,"column":2}},"14":{"start":{"line":42,"column":2},"end":{"line":45,"column":5}},"15":{"start":{"line":48,"column":15},"end":{"line":53,"column":2}},"16":{"start":{"line":49,"column":2},"end":{"line":52,"column":5}},"17":{"start":{"line":55,"column":24},"end":{"line":65,"column":2}},"18":{"start":{"line":56,"column":17},"end":{"line":59,"column":4}},"19":{"start":{"line":60,"column":2},"end":{"line":64,"column":5}},"20":{"start":{"line":67,"column":24},"end":{"line":74,"column":2}},"21":{"start":{"line":68,"column":17},"end":{"line":68,"column":60}},"22":{"start":{"line":69,"column":2},"end":{"line":73,"column":5}},"23":{"start":{"line":76,"column":23},"end":{"line":85,"column":2}},"24":{"start":{"line":77,"column":2},"end":{"line":80,"column":5}},"25":{"start":{"line":81,"column":2},"end":{"line":84,"column":5}},"26":{"start":{"line":87,"column":35},"end":{"line":94,"column":2}},"27":{"start":{"line":88,"column":17},"end":{"line":88,"column":80}},"28":{"start":{"line":89,"column":2},"end":{"line":93,"column":5}},"29":{"start":{"line":96,"column":22},"end":{"line":105,"column":2}},"30":{"start":{"line":97,"column":2},"end":{"line":100,"column":5}},"31":{"start":{"line":101,"column":2},"end":{"line":104,"column":5}},"32":{"start":{"line":107,"column":33},"end":{"line":110,"column":2}},"33":{"start":{"line":108,"column":17},"end":{"line":108,"column":82}},"34":{"start":{"line":109,"column":2},"end":{"line":109,"column":19}},"35":{"start":{"line":112,"column":32},"end":{"line":115,"column":2}},"36":{"start":{"line":113,"column":17},"end":{"line":113,"column":81}},"37":{"start":{"line":114,"column":2},"end":{"line":114,"column":19}},"38":{"start":{"line":117,"column":0},"end":{"line":130,"column":2}}},"fnMap":{"0":{"name":"(anonymous_0)","decl":{"start":{"line":6,"column":30},"end":{"line":6,"column":31}},"loc":{"start":{"line":6,"column":50},"end":{"line":13,"column":1}},"line":6},"1":{"name":"(anonymous_1)","decl":{"start":{"line":15,"column":27},"end":{"line":15,"column":28}},"loc":{"start":{"line":15,"column":47},"end":{"line":26,"column":1}},"line":15},"2":{"name":"(anonymous_2)","decl":{"start":{"line":28,"column":32},"end":{"line":28,"column":33}},"loc":{"start":{"line":28,"column":52},"end":{"line":39,"column":1}},"line":28},"3":{"name":"(anonymous_3)","decl":{"start":{"line":41,"column":24},"end":{"line":41,"column":25}},"loc":{"start":{"line":41,"column":44},"end":{"line":46,"column":1}},"line":41},"4":{"name":"(anonymous_4)","decl":{"start":{"line":48,"column":28},"end":{"line":48,"column":29}},"loc":{"start":{"line":48,"column":48},"end":{"line":53,"column":1}},"line":48},"5":{"name":"(anonymous_5)","decl":{"start":{"line":55,"column":37},"end":{"line":55,"column":38}},"loc":{"start":{"line":55,"column":57},"end":{"line":65,"column":1}},"line":55},"6":{"name":"(anonymous_6)","decl":{"start":{"line":67,"column":37},"end":{"line":67,"column":38}},"loc":{"start":{"line":67,"column":57},"end":{"line":74,"column":1}},"line":67},"7":{"name":"(anonymous_7)","decl":{"start":{"line":76,"column":36},"end":{"line":76,"column":37}},"loc":{"start":{"line":76,"column":56},"end":{"line":85,"column":1}},"line":76},"8":{"name":"(anonymous_8)","decl":{"start":{"line":87,"column":48},"end":{"line":87,"column":49}},"loc":{"start":{"line":87,"column":68},"end":{"line":94,"column":1}},"line":87},"9":{"name":"(anonymous_9)","decl":{"start":{"line":96,"column":35},"end":{"line":96,"column":36}},"loc":{"start":{"line":96,"column":55},"end":{"line":105,"column":1}},"line":96},"10":{"name":"(anonymous_10)","decl":{"start":{"line":107,"column":46},"end":{"line":107,"column":47}},"loc":{"start":{"line":107,"column":66},"end":{"line":110,"column":1}},"line":107},"11":{"name":"(anonymous_11)","decl":{"start":{"line":112,"column":45},"end":{"line":112,"column":46}},"loc":{"start":{"line":112,"column":65},"end":{"line":115,"column":1}},"line":112}},"branchMap":{"0":{"loc":{"start":{"line":91,"column":13},"end":{"line":91,"column":90}},"type":"cond-expr","locations":[{"start":{"line":91,"column":28},"end":{"line":91,"column":49}},{"start":{"line":91,"column":52},"end":{"line":91,"column":90}}],"line":91}},"s":{"0":3,"1":3,"2":3,"3":3,"4":3,"5":10,"6":1,"7":3,"8":16,"9":0,"10":3,"11":4,"12":0,"13":3,"14":0,"15":3,"16":0,"17":3,"18":0,"19":0,"20":3,"21":0,"22":0,"23":3,"24":1,"25":1,"26":3,"27":0,"28":0,"29":3,"30":0,"31":0,"32":3,"33":1,"34":1,"35":3,"36":0,"37":0,"38":3},"f":{"0":10,"1":16,"2":4,"3":0,"4":0,"5":0,"6":0,"7":1,"8":0,"9":0,"10":1,"11":0},"b":{"0":[0,0]},"_coverageSchema":"1a1c01bbd47fc00a2c39e90264f33305004495a9","hash":"b3736174cf254bd30a6fd1a6ad231db435bcb557"}
,"C:\\Users\\HP\\Documents\\PROYECTO CRUD\\backend\\src\\controllers\\espacios.controller.js": {"path":"C:\\Users\\HP\\Documents\\PROYECTO CRUD\\backend\\src\\controllers\\espacios.controller.js","statementMap":{"0":{"start":{"line":1,"column":24},"end":{"line":1,"column":63}},"1":{"start":{"line":2,"column":28},"end":{"line":2,"column":58}},"2":{"start":{"line":3,"column":29},"end":{"line":3,"column":54}},"3":{"start":{"line":6,"column":2},"end":{"line":11,"column":3}},"4":{"start":{"line":7,"column":17},"end":{"line":7,"column":71}},"5":{"start":{"line":8,"column":4},"end":{"line":8,"column":38}},"6":{"start":{"line":10,"column":4},"end":{"line":10,"column":16}},"7":{"start":{"line":15,"column":2},"end":{"line":23,"column":3}},"8":{"start":{"line":16,"column":17},"end":{"line":16,"column":61}},"9":{"start":{"line":17,"column":4},"end":{"line":19,"column":5}},"10":{"start":{"line":18,"column":6},"end":{"line":18,"column":88}},"11":{"start":{"line":20,"column":4},"end":{"line":20,"column":38}},"12":{"start":{"line":22,"column":4},"end":{"line":22,"column":16}},"13":{"start":{"line":27,"column":2},"end":{"line":32,"column":3}},"14":{"start":{"line":28,"column":17},"end":{"line":28,"column":78}},"15":{"start":{"line":29,"column":4},"end":{"line":29,"column":91}},"16":{"start":{"line":31,"column":4},"end":{"line":31,"column":16}},"17":{"start":{"line":36,"column":2},"end":{"line":41,"column":3}},"18":{"start":{"line":37,"column":17},"end":{"line":37,"column":93}},"19":{"start":{"line":38,"column":4},"end":{"line":38,"column":84}},"20":{"start":{"line":40,"column":4},"end":{"line":40,"column":16}},"21":{"start":{"line":45,"column":2},"end":{"line":50,"column":3}},"22":{"start":{"line":46,"column":4},"end":{"line":46,"column":71}},"23":{"start":{"line":47,"column":4},"end":{"line":47,"column":76}},"24":{"start":{"line":49,"column":4},"end":{"line":49,"column":16}},"25":{"start":{"line":53,"column":0},"end":{"line":59,"column":2}}},"fnMap":{"0":{"name":"list","decl":{"start":{"line":5,"column":15},"end":{"line":5,"column":19}},"loc":{"start":{"line":5,"column":36},"end":{"line":12,"column":1}},"line":5},"1":{"name":"getById","decl":{"start":{"line":14,"column":15},"end":{"line":14,"column":22}},"loc":{"start":{"line":14,"column":39},"end":{"line":24,"column":1}},"line":14},"2":{"name":"create","decl":{"start":{"line":26,"column":15},"end":{"line":26,"column":21}},"loc":{"start":{"line":26,"column":38},"end":{"line":33,"column":1}},"line":26},"3":{"name":"update","decl":{"start":{"line":35,"column":15},"end":{"line":35,"column":21}},"loc":{"start":{"line":35,"column":38},"end":{"line":42,"column":1}},"line":35},"4":{"name":"remove","decl":{"start":{"line":44,"column":15},"end":{"line":44,"column":21}},"loc":{"start":{"line":44,"column":38},"end":{"line":51,"column":1}},"line":44}},"branchMap":{"0":{"loc":{"start":{"line":17,"column":4},"end":{"line":19,"column":5}},"type":"if","locations":[{"start":{"line":17,"column":4},"end":{"line":19,"column":5}},{"start":{},"end":{}}],"line":17}},"s":{"0":3,"1":3,"2":3,"3":0,"4":0,"5":0,"6":0,"7":0,"8":0,"9":0,"10":0,"11":0,"12":0,"13":0,"14":0,"15":0,"16":0,"17":0,"18":0,"19":0,"20":0,"21":0,"22":0,"23":0,"24":0,"25":3},"f":{"0":0,"1":0,"2":0,"3":0,"4":0},"b":{"0":[0,0]},"_coverageSchema":"1a1c01bbd47fc00a2c39e90264f33305004495a9","hash":"8993b7c8a7f2f39967e3887afd09f1e34e1a3c22"}
,"C:\\Users\\HP\\Documents\\PROYECTO CRUD\\backend\\src\\controllers\\estados.controller.js": {"path":"C:\\Users\\HP\\Documents\\PROYECTO CRUD\\backend\\src\\controllers\\estados.controller.js","statementMap":{"0":{"start":{"line":1,"column":23},"end":{"line":1,"column":61}},"1":{"start":{"line":2,"column":29},"end":{"line":2,"column":54}},"2":{"start":{"line":5,"column":2},"end":{"line":11,"column":3}},"3":{"start":{"line":6,"column":21},"end":{"line":6,"column":40}},"4":{"start":{"line":7,"column":17},"end":{"line":7,"column":103}},"5":{"start":{"line":8,"column":4},"end":{"line":8,"column":38}},"6":{"start":{"line":10,"column":4},"end":{"line":10,"column":16}},"7":{"start":{"line":15,"column":2},"end":{"line":23,"column":3}},"8":{"start":{"line":16,"column":17},"end":{"line":16,"column":60}},"9":{"start":{"line":17,"column":4},"end":{"line":19,"column":5}},"10":{"start":{"line":18,"column":6},"end":{"line":18,"column":87}},"11":{"start":{"line":20,"column":4},"end":{"line":20,"column":38}},"12":{"start":{"line":22,"column":4},"end":{"line":22,"column":16}},"13":{"start":{"line":27,"column":2},"end":{"line":32,"column":3}},"14":{"start":{"line":28,"column":17},"end":{"line":28,"column":77}},"15":{"start":{"line":29,"column":4},"end":{"line":29,"column":90}},"16":{"start":{"line":31,"column":4},"end":{"line":31,"column":16}},"17":{"start":{"line":36,"column":2},"end":{"line":41,"column":3}},"18":{"start":{"line":37,"column":17},"end":{"line":37,"column":92}},"19":{"start":{"line":38,"column":4},"end":{"line":38,"column":83}},"20":{"start":{"line":40,"column":4},"end":{"line":40,"column":16}},"21":{"start":{"line":45,"column":2},"end":{"line":50,"column":3}},"22":{"start":{"line":46,"column":4},"end":{"line":46,"column":70}},"23":{"start":{"line":47,"column":4},"end":{"line":47,"column":75}},"24":{"start":{"line":49,"column":4},"end":{"line":49,"column":16}},"25":{"start":{"line":53,"column":0},"end":{"line":59,"column":2}}},"fnMap":{"0":{"name":"list","decl":{"start":{"line":4,"column":15},"end":{"line":4,"column":19}},"loc":{"start":{"line":4,"column":36},"end":{"line":12,"column":1}},"line":4},"1":{"name":"getById","decl":{"start":{"line":14,"column":15},"end":{"line":14,"column":22}},"loc":{"start":{"line":14,"column":39},"end":{"line":24,"column":1}},"line":14},"2":{"name":"create","decl":{"start":{"line":26,"column":15},"end":{"line":26,"column":21}},"loc":{"start":{"line":26,"column":38},"end":{"line":33,"column":1}},"line":26},"3":{"name":"update","decl":{"start":{"line":35,"column":15},"end":{"line":35,"column":21}},"loc":{"start":{"line":35,"column":38},"end":{"line":42,"column":1}},"line":35},"4":{"name":"remove","decl":{"start":{"line":44,"column":15},"end":{"line":44,"column":21}},"loc":{"start":{"line":44,"column":38},"end":{"line":51,"column":1}},"line":44}},"branchMap":{"0":{"loc":{"start":{"line":7,"column":17},"end":{"line":7,"column":103}},"type":"cond-expr","locations":[{"start":{"line":7,"column":28},"end":{"line":7,"column":73}},{"start":{"line":7,"column":76},"end":{"line":7,"column":103}}],"line":7},"1":{"loc":{"start":{"line":17,"column":4},"end":{"line":19,"column":5}},"type":"if","locations":[{"start":{"line":17,"column":4},"end":{"line":19,"column":5}},{"start":{},"end":{}}],"line":17}},"s":{"0":3,"1":3,"2":0,"3":0,"4":0,"5":0,"6":0,"7":0,"8":0,"9":0,"10":0,"11":0,"12":0,"13":0,"14":0,"15":0,"16":0,"17":0,"18":0,"19":0,"20":0,"21":0,"22":0,"23":0,"24":0,"25":3},"f":{"0":0,"1":0,"2":0,"3":0,"4":0},"b":{"0":[0,0],"1":[0,0]},"_coverageSchema":"1a1c01bbd47fc00a2c39e90264f33305004495a9","hash":"35f69402dc43e67d3854230178582e4ce9ce4a7b"}
,"C:\\Users\\HP\\Documents\\PROYECTO CRUD\\backend\\src\\controllers\\historial.controller.js": {"path":"C:\\Users\\HP\\Documents\\PROYECTO CRUD\\backend\\src\\controllers\\historial.controller.js","statementMap":{"0":{"start":{"line":1,"column":25},"end":{"line":1,"column":65}},"1":{"start":{"line":4,"column":2},"end":{"line":9,"column":3}},"2":{"start":{"line":5,"column":17},"end":{"line":5,"column":46}},"3":{"start":{"line":6,"column":4},"end":{"line":6,"column":38}},"4":{"start":{"line":8,"column":4},"end":{"line":8,"column":16}},"5":{"start":{"line":13,"column":2},"end":{"line":18,"column":3}},"6":{"start":{"line":14,"column":17},"end":{"line":14,"column":94}},"7":{"start":{"line":15,"column":4},"end":{"line":15,"column":38}},"8":{"start":{"line":17,"column":4},"end":{"line":17,"column":16}},"9":{"start":{"line":22,"column":2},"end":{"line":27,"column":3}},"10":{"start":{"line":23,"column":17},"end":{"line":23,"column":61}},"11":{"start":{"line":24,"column":4},"end":{"line":24,"column":38}},"12":{"start":{"line":26,"column":4},"end":{"line":26,"column":16}},"13":{"start":{"line":30,"column":0},"end":{"line":34,"column":2}}},"fnMap":{"0":{"name":"list","decl":{"start":{"line":3,"column":15},"end":{"line":3,"column":19}},"loc":{"start":{"line":3,"column":36},"end":{"line":10,"column":1}},"line":3},"1":{"name":"listByReservaId","decl":{"start":{"line":12,"column":15},"end":{"line":12,"column":30}},"loc":{"start":{"line":12,"column":47},"end":{"line":19,"column":1}},"line":12},"2":{"name":"listMine","decl":{"start":{"line":21,"column":15},"end":{"line":21,"column":23}},"loc":{"start":{"line":21,"column":40},"end":{"line":28,"column":1}},"line":21}},"branchMap":{},"s":{"0":3,"1":0,"2":0,"3":0,"4":0,"5":0,"6":0,"7":0,"8":0,"9":0,"10":0,"11":0,"12":0,"13":3},"f":{"0":0,"1":0,"2":0},"b":{},"_coverageSchema":"1a1c01bbd47fc00a2c39e90264f33305004495a9","hash":"1d62f159a1420749e12d26e0f39dba0fb2967c24"}
,"C:\\Users\\HP\\Documents\\PROYECTO CRUD\\backend\\src\\controllers\\horarios.controller.js": {"path":"C:\\Users\\HP\\Documents\\PROYECTO CRUD\\backend\\src\\controllers\\horarios.controller.js","statementMap":{"0":{"start":{"line":1,"column":24},"end":{"line":1,"column":63}},"1":{"start":{"line":4,"column":2},"end":{"line":9,"column":3}},"2":{"start":{"line":5,"column":17},"end":{"line":5,"column":45}},"3":{"start":{"line":6,"column":4},"end":{"line":6,"column":38}},"4":{"start":{"line":8,"column":4},"end":{"line":8,"column":16}},"5":{"start":{"line":13,"column":2},"end":{"line":21,"column":3}},"6":{"start":{"line":14,"column":17},"end":{"line":14,"column":61}},"7":{"start":{"line":15,"column":4},"end":{"line":17,"column":5}},"8":{"start":{"line":16,"column":6},"end":{"line":16,"column":88}},"9":{"start":{"line":18,"column":4},"end":{"line":18,"column":38}},"10":{"start":{"line":20,"column":4},"end":{"line":20,"column":16}},"11":{"start":{"line":25,"column":2},"end":{"line":30,"column":3}},"12":{"start":{"line":26,"column":17},"end":{"line":26,"column":55}},"13":{"start":{"line":27,"column":4},"end":{"line":27,"column":91}},"14":{"start":{"line":29,"column":4},"end":{"line":29,"column":16}},"15":{"start":{"line":34,"column":2},"end":{"line":39,"column":3}},"16":{"start":{"line":35,"column":17},"end":{"line":35,"column":70}},"17":{"start":{"line":36,"column":4},"end":{"line":36,"column":84}},"18":{"start":{"line":38,"column":4},"end":{"line":38,"column":16}},"19":{"start":{"line":43,"column":2},"end":{"line":48,"column":3}},"20":{"start":{"line":44,"column":4},"end":{"line":44,"column":48}},"21":{"start":{"line":45,"column":4},"end":{"line":45,"column":76}},"22":{"start":{"line":47,"column":4},"end":{"line":47,"column":16}},"23":{"start":{"line":51,"column":0},"end":{"line":57,"column":2}}},"fnMap":{"0":{"name":"list","decl":{"start":{"line":3,"column":15},"end":{"line":3,"column":19}},"loc":{"start":{"line":3,"column":36},"end":{"line":10,"column":1}},"line":3},"1":{"name":"getById","decl":{"start":{"line":12,"column":15},"end":{"line":12,"column":22}},"loc":{"start":{"line":12,"column":39},"end":{"line":22,"column":1}},"line":12},"2":{"name":"create","decl":{"start":{"line":24,"column":15},"end":{"line":24,"column":21}},"loc":{"start":{"line":24,"column":38},"end":{"line":31,"column":1}},"line":24},"3":{"name":"update","decl":{"start":{"line":33,"column":15},"end":{"line":33,"column":21}},"loc":{"start":{"line":33,"column":38},"end":{"line":40,"column":1}},"line":33},"4":{"name":"remove","decl":{"start":{"line":42,"column":15},"end":{"line":42,"column":21}},"loc":{"start":{"line":42,"column":38},"end":{"line":49,"column":1}},"line":42}},"branchMap":{"0":{"loc":{"start":{"line":15,"column":4},"end":{"line":17,"column":5}},"type":"if","locations":[{"start":{"line":15,"column":4},"end":{"line":17,"column":5}},{"start":{},"end":{}}],"line":15}},"s":{"0":3,"1":0,"2":0,"3":0,"4":0,"5":0,"6":0,"7":0,"8":0,"9":0,"10":0,"11":0,"12":0,"13":0,"14":0,"15":0,"16":0,"17":0,"18":0,"19":0,"20":0,"21":0,"22":0,"23":3},"f":{"0":0,"1":0,"2":0,"3":0,"4":0},"b":{"0":[0,0]},"_coverageSchema":"1a1c01bbd47fc00a2c39e90264f33305004495a9","hash":"4376238173b162f9559fb7e9ffa0bf2130a26560"}
,"C:\\Users\\HP\\Documents\\PROYECTO CRUD\\backend\\src\\controllers\\recursos.controller.js": {"path":"C:\\Users\\HP\\Documents\\PROYECTO CRUD\\backend\\src\\controllers\\recursos.controller.js","statementMap":{"0":{"start":{"line":1,"column":24},"end":{"line":1,"column":63}},"1":{"start":{"line":2,"column":28},"end":{"line":2,"column":58}},"2":{"start":{"line":3,"column":29},"end":{"line":3,"column":54}},"3":{"start":{"line":6,"column":2},"end":{"line":11,"column":3}},"4":{"start":{"line":7,"column":17},"end":{"line":7,"column":71}},"5":{"start":{"line":8,"column":4},"end":{"line":8,"column":38}},"6":{"start":{"line":10,"column":4},"end":{"line":10,"column":16}},"7":{"start":{"line":15,"column":2},"end":{"line":23,"column":3}},"8":{"start":{"line":16,"column":17},"end":{"line":16,"column":61}},"9":{"start":{"line":17,"column":4},"end":{"line":19,"column":5}},"10":{"start":{"line":18,"column":6},"end":{"line":18,"column":88}},"11":{"start":{"line":20,"column":4},"end":{"line":20,"column":38}},"12":{"start":{"line":22,"column":4},"end":{"line":22,"column":16}},"13":{"start":{"line":27,"column":2},"end":{"line":32,"column":3}},"14":{"start":{"line":28,"column":17},"end":{"line":28,"column":78}},"15":{"start":{"line":29,"column":4},"end":{"line":29,"column":91}},"16":{"start":{"line":31,"column":4},"end":{"line":31,"column":16}},"17":{"start":{"line":36,"column":2},"end":{"line":41,"column":3}},"18":{"start":{"line":37,"column":17},"end":{"line":37,"column":93}},"19":{"start":{"line":38,"column":4},"end":{"line":38,"column":84}},"20":{"start":{"line":40,"column":4},"end":{"line":40,"column":16}},"21":{"start":{"line":45,"column":2},"end":{"line":50,"column":3}},"22":{"start":{"line":46,"column":4},"end":{"line":46,"column":71}},"23":{"start":{"line":47,"column":4},"end":{"line":47,"column":76}},"24":{"start":{"line":49,"column":4},"end":{"line":49,"column":16}},"25":{"start":{"line":53,"column":0},"end":{"line":59,"column":2}}},"fnMap":{"0":{"name":"list","decl":{"start":{"line":5,"column":15},"end":{"line":5,"column":19}},"loc":{"start":{"line":5,"column":36},"end":{"line":12,"column":1}},"line":5},"1":{"name":"getById","decl":{"start":{"line":14,"column":15},"end":{"line":14,"column":22}},"loc":{"start":{"line":14,"column":39},"end":{"line":24,"column":1}},"line":14},"2":{"name":"create","decl":{"start":{"line":26,"column":15},"end":{"line":26,"column":21}},"loc":{"start":{"line":26,"column":38},"end":{"line":33,"column":1}},"line":26},"3":{"name":"update","decl":{"start":{"line":35,"column":15},"end":{"line":35,"column":21}},"loc":{"start":{"line":35,"column":38},"end":{"line":42,"column":1}},"line":35},"4":{"name":"remove","decl":{"start":{"line":44,"column":15},"end":{"line":44,"column":21}},"loc":{"start":{"line":44,"column":38},"end":{"line":51,"column":1}},"line":44}},"branchMap":{"0":{"loc":{"start":{"line":17,"column":4},"end":{"line":19,"column":5}},"type":"if","locations":[{"start":{"line":17,"column":4},"end":{"line":19,"column":5}},{"start":{},"end":{}}],"line":17}},"s":{"0":3,"1":3,"2":3,"3":0,"4":0,"5":0,"6":0,"7":0,"8":0,"9":0,"10":0,"11":0,"12":0,"13":0,"14":0,"15":0,"16":0,"17":0,"18":0,"19":0,"20":0,"21":0,"22":0,"23":0,"24":0,"25":3},"f":{"0":0,"1":0,"2":0,"3":0,"4":0},"b":{"0":[0,0]},"_coverageSchema":"1a1c01bbd47fc00a2c39e90264f33305004495a9","hash":"00c984a71a5b29b4de5b58ff3fa20f4d709b7638"}
,"C:\\Users\\HP\\Documents\\PROYECTO CRUD\\backend\\src\\controllers\\reservas.controller.js": {"path":"C:\\Users\\HP\\Documents\\PROYECTO CRUD\\backend\\src\\controllers\\reservas.controller.js","statementMap":{"0":{"start":{"line":1,"column":24},"end":{"line":1,"column":63}},"1":{"start":{"line":2,"column":28},"end":{"line":2,"column":58}},"2":{"start":{"line":5,"column":2},"end":{"line":10,"column":3}},"3":{"start":{"line":6,"column":17},"end":{"line":6,"column":71}},"4":{"start":{"line":7,"column":4},"end":{"line":7,"column":38}},"5":{"start":{"line":9,"column":4},"end":{"line":9,"column":16}},"6":{"start":{"line":14,"column":2},"end":{"line":19,"column":3}},"7":{"start":{"line":15,"column":17},"end":{"line":15,"column":92}},"8":{"start":{"line":16,"column":4},"end":{"line":16,"column":38}},"9":{"start":{"line":18,"column":4},"end":{"line":18,"column":16}},"10":{"start":{"line":23,"column":2},"end":{"line":28,"column":3}},"11":{"start":{"line":24,"column":17},"end":{"line":24,"column":69}},"12":{"start":{"line":25,"column":4},"end":{"line":25,"column":38}},"13":{"start":{"line":27,"column":4},"end":{"line":27,"column":16}},"14":{"start":{"line":32,"column":2},"end":{"line":40,"column":3}},"15":{"start":{"line":33,"column":17},"end":{"line":33,"column":78}},"16":{"start":{"line":34,"column":4},"end":{"line":36,"column":5}},"17":{"start":{"line":35,"column":6},"end":{"line":35,"column":88}},"18":{"start":{"line":37,"column":4},"end":{"line":37,"column":38}},"19":{"start":{"line":39,"column":4},"end":{"line":39,"column":16}},"20":{"start":{"line":44,"column":2},"end":{"line":52,"column":3}},"21":{"start":{"line":45,"column":24},"end":{"line":45,"column":36}},"22":{"start":{"line":46,"column":17},"end":{"line":48,"column":63}},"23":{"start":{"line":49,"column":4},"end":{"line":49,"column":91}},"24":{"start":{"line":51,"column":4},"end":{"line":51,"column":16}},"25":{"start":{"line":56,"column":2},"end":{"line":64,"column":3}},"26":{"start":{"line":57,"column":24},"end":{"line":57,"column":36}},"27":{"start":{"line":58,"column":17},"end":{"line":60,"column":78}},"28":{"start":{"line":61,"column":4},"end":{"line":61,"column":84}},"29":{"start":{"line":63,"column":4},"end":{"line":63,"column":16}},"30":{"start":{"line":68,"column":2},"end":{"line":74,"column":3}},"31":{"start":{"line":69,"column":24},"end":{"line":69,"column":36}},"32":{"start":{"line":70,"column":4},"end":{"line":70,"column":61}},"33":{"start":{"line":71,"column":4},"end":{"line":71,"column":76}},"34":{"start":{"line":73,"column":4},"end":{"line":73,"column":16}},"35":{"start":{"line":78,"column":2},"end":{"line":83,"column":3}},"36":{"start":{"line":79,"column":17},"end":{"line":79,"column":114}},"37":{"start":{"line":80,"column":4},"end":{"line":80,"column":81}},"38":{"start":{"line":82,"column":4},"end":{"line":82,"column":16}},"39":{"start":{"line":87,"column":2},"end":{"line":92,"column":3}},"40":{"start":{"line":88,"column":17},"end":{"line":88,"column":115}},"41":{"start":{"line":89,"column":4},"end":{"line":89,"column":82}},"42":{"start":{"line":91,"column":4},"end":{"line":91,"column":16}},"43":{"start":{"line":96,"column":2},"end":{"line":103,"column":3}},"44":{"start":{"line":97,"column":17},"end":{"line":99,"column":91}},"45":{"start":{"line":100,"column":4},"end":{"line":100,"column":82}},"46":{"start":{"line":102,"column":4},"end":{"line":102,"column":16}},"47":{"start":{"line":106,"column":0},"end":{"line":117,"column":2}}},"fnMap":{"0":{"name":"list","decl":{"start":{"line":4,"column":15},"end":{"line":4,"column":19}},"loc":{"start":{"line":4,"column":36},"end":{"line":11,"column":1}},"line":4},"1":{"name":"listMine","decl":{"start":{"line":13,"column":15},"end":{"line":13,"column":23}},"loc":{"start":{"line":13,"column":40},"end":{"line":20,"column":1}},"line":13},"2":{"name":"disponibilidad","decl":{"start":{"line":22,"column":15},"end":{"line":22,"column":29}},"loc":{"start":{"line":22,"column":46},"end":{"line":29,"column":1}},"line":22},"3":{"name":"getById","decl":{"start":{"line":31,"column":15},"end":{"line":31,"column":22}},"loc":{"start":{"line":31,"column":39},"end":{"line":41,"column":1}},"line":31},"4":{"name":"create","decl":{"start":{"line":43,"column":15},"end":{"line":43,"column":21}},"loc":{"start":{"line":43,"column":38},"end":{"line":53,"column":1}},"line":43},"5":{"name":"update","decl":{"start":{"line":55,"column":15},"end":{"line":55,"column":21}},"loc":{"start":{"line":55,"column":38},"end":{"line":65,"column":1}},"line":55},"6":{"name":"remove","decl":{"start":{"line":67,"column":15},"end":{"line":67,"column":21}},"loc":{"start":{"line":67,"column":38},"end":{"line":75,"column":1}},"line":67},"7":{"name":"aprobar","decl":{"start":{"line":77,"column":15},"end":{"line":77,"column":22}},"loc":{"start":{"line":77,"column":39},"end":{"line":84,"column":1}},"line":77},"8":{"name":"rechazar","decl":{"start":{"line":86,"column":15},"end":{"line":86,"column":23}},"loc":{"start":{"line":86,"column":40},"end":{"line":93,"column":1}},"line":86},"9":{"name":"cancelar","decl":{"start":{"line":95,"column":15},"end":{"line":95,"column":23}},"loc":{"start":{"line":95,"column":40},"end":{"line":104,"column":1}},"line":95}},"branchMap":{"0":{"loc":{"start":{"line":34,"column":4},"end":{"line":36,"column":5}},"type":"if","locations":[{"start":{"line":34,"column":4},"end":{"line":36,"column":5}},{"start":{},"end":{}}],"line":34},"1":{"loc":{"start":{"line":46,"column":17},"end":{"line":48,"column":63}},"type":"cond-expr","locations":[{"start":{"line":47,"column":8},"end":{"line":47,"column":59}},{"start":{"line":48,"column":8},"end":{"line":48,"column":63}}],"line":46},"2":{"loc":{"start":{"line":58,"column":17},"end":{"line":60,"column":78}},"type":"cond-expr","locations":[{"start":{"line":59,"column":8},"end":{"line":59,"column":74}},{"start":{"line":60,"column":8},"end":{"line":60,"column":78}}],"line":58},"3":{"loc":{"start":{"line":97,"column":17},"end":{"line":99,"column":91}},"type":"cond-expr","locations":[{"start":{"line":98,"column":8},"end":{"line":98,"column":106}},{"start":{"line":99,"column":8},"end":{"line":99,"column":91}}],"line":97}},"s":{"0":3,"1":3,"2":0,"3":0,"4":0,"5":0,"6":0,"7":0,"8":0,"9":0,"10":0,"11":0,"12":0,"13":0,"14":0,"15":0,"16":0,"17":0,"18":0,"19":0,"20":0,"21":0,"22":0,"23":0,"24":0,"25":0,"26":0,"27":0,"28":0,"29":0,"30":0,"31":0,"32":0,"33":0,"34":0,"35":0,"36":0,"37":0,"38":0,"39":0,"40":0,"41":0,"42":0,"43":0,"44":0,"45":0,"46":0,"47":3},"f":{"0":0,"1":0,"2":0,"3":0,"4":0,"5":0,"6":0,"7":0,"8":0,"9":0},"b":{"0":[0,0],"1":[0,0],"2":[0,0],"3":[0,0]},"_coverageSchema":"1a1c01bbd47fc00a2c39e90264f33305004495a9","hash":"c0a421db9a145c9beddee1309858caa48a29e7dc"}
,"C:\\Users\\HP\\Documents\\PROYECTO CRUD\\backend\\src\\controllers\\roles.controller.js": {"path":"C:\\Users\\HP\\Documents\\PROYECTO CRUD\\backend\\src\\controllers\\roles.controller.js","statementMap":{"0":{"start":{"line":1,"column":21},"end":{"line":1,"column":57}},"1":{"start":{"line":2,"column":29},"end":{"line":2,"column":54}},"2":{"start":{"line":5,"column":2},"end":{"line":10,"column":3}},"3":{"start":{"line":6,"column":17},"end":{"line":6,"column":42}},"4":{"start":{"line":7,"column":4},"end":{"line":7,"column":38}},"5":{"start":{"line":9,"column":4},"end":{"line":9,"column":16}},"6":{"start":{"line":14,"column":2},"end":{"line":22,"column":3}},"7":{"start":{"line":15,"column":17},"end":{"line":15,"column":58}},"8":{"start":{"line":16,"column":4},"end":{"line":18,"column":5}},"9":{"start":{"line":17,"column":6},"end":{"line":17,"column":84}},"10":{"start":{"line":19,"column":4},"end":{"line":19,"column":38}},"11":{"start":{"line":21,"column":4},"end":{"line":21,"column":16}},"12":{"start":{"line":26,"column":2},"end":{"line":31,"column":3}},"13":{"start":{"line":27,"column":17},"end":{"line":27,"column":75}},"14":{"start":{"line":28,"column":4},"end":{"line":28,"column":87}},"15":{"start":{"line":30,"column":4},"end":{"line":30,"column":16}},"16":{"start":{"line":35,"column":2},"end":{"line":40,"column":3}},"17":{"start":{"line":36,"column":17},"end":{"line":36,"column":90}},"18":{"start":{"line":37,"column":4},"end":{"line":37,"column":80}},"19":{"start":{"line":39,"column":4},"end":{"line":39,"column":16}},"20":{"start":{"line":44,"column":2},"end":{"line":49,"column":3}},"21":{"start":{"line":45,"column":4},"end":{"line":45,"column":68}},"22":{"start":{"line":46,"column":4},"end":{"line":46,"column":72}},"23":{"start":{"line":48,"column":4},"end":{"line":48,"column":16}},"24":{"start":{"line":52,"column":0},"end":{"line":58,"column":2}}},"fnMap":{"0":{"name":"list","decl":{"start":{"line":4,"column":15},"end":{"line":4,"column":19}},"loc":{"start":{"line":4,"column":36},"end":{"line":11,"column":1}},"line":4},"1":{"name":"getById","decl":{"start":{"line":13,"column":15},"end":{"line":13,"column":22}},"loc":{"start":{"line":13,"column":39},"end":{"line":23,"column":1}},"line":13},"2":{"name":"create","decl":{"start":{"line":25,"column":15},"end":{"line":25,"column":21}},"loc":{"start":{"line":25,"column":38},"end":{"line":32,"column":1}},"line":25},"3":{"name":"update","decl":{"start":{"line":34,"column":15},"end":{"line":34,"column":21}},"loc":{"start":{"line":34,"column":38},"end":{"line":41,"column":1}},"line":34},"4":{"name":"remove","decl":{"start":{"line":43,"column":15},"end":{"line":43,"column":21}},"loc":{"start":{"line":43,"column":38},"end":{"line":50,"column":1}},"line":43}},"branchMap":{"0":{"loc":{"start":{"line":16,"column":4},"end":{"line":18,"column":5}},"type":"if","locations":[{"start":{"line":16,"column":4},"end":{"line":18,"column":5}},{"start":{},"end":{}}],"line":16}},"s":{"0":3,"1":3,"2":0,"3":0,"4":0,"5":0,"6":0,"7":0,"8":0,"9":0,"10":0,"11":0,"12":0,"13":0,"14":0,"15":0,"16":0,"17":0,"18":0,"19":0,"20":0,"21":0,"22":0,"23":0,"24":3},"f":{"0":0,"1":0,"2":0,"3":0,"4":0},"b":{"0":[0,0]},"_coverageSchema":"1a1c01bbd47fc00a2c39e90264f33305004495a9","hash":"40f78b7452e827ce21a777ce63ef77c748147df1"}
,"C:\\Users\\HP\\Documents\\PROYECTO CRUD\\backend\\src\\controllers\\usuarios.controller.js": {"path":"C:\\Users\\HP\\Documents\\PROYECTO CRUD\\backend\\src\\controllers\\usuarios.controller.js","statementMap":{"0":{"start":{"line":1,"column":24},"end":{"line":1,"column":63}},"1":{"start":{"line":2,"column":28},"end":{"line":2,"column":58}},"2":{"start":{"line":3,"column":29},"end":{"line":3,"column":54}},"3":{"start":{"line":6,"column":2},"end":{"line":11,"column":3}},"4":{"start":{"line":7,"column":17},"end":{"line":7,"column":71}},"5":{"start":{"line":8,"column":4},"end":{"line":8,"column":38}},"6":{"start":{"line":10,"column":4},"end":{"line":10,"column":16}},"7":{"start":{"line":15,"column":2},"end":{"line":23,"column":3}},"8":{"start":{"line":16,"column":17},"end":{"line":16,"column":61}},"9":{"start":{"line":17,"column":4},"end":{"line":19,"column":5}},"10":{"start":{"line":18,"column":6},"end":{"line":18,"column":88}},"11":{"start":{"line":20,"column":4},"end":{"line":20,"column":38}},"12":{"start":{"line":22,"column":4},"end":{"line":22,"column":16}},"13":{"start":{"line":27,"column":2},"end":{"line":32,"column":3}},"14":{"start":{"line":28,"column":17},"end":{"line":28,"column":78}},"15":{"start":{"line":29,"column":4},"end":{"line":29,"column":91}},"16":{"start":{"line":31,"column":4},"end":{"line":31,"column":16}},"17":{"start":{"line":36,"column":2},"end":{"line":41,"column":3}},"18":{"start":{"line":37,"column":17},"end":{"line":37,"column":93}},"19":{"start":{"line":38,"column":4},"end":{"line":38,"column":84}},"20":{"start":{"line":40,"column":4},"end":{"line":40,"column":16}},"21":{"start":{"line":45,"column":2},"end":{"line":50,"column":3}},"22":{"start":{"line":46,"column":4},"end":{"line":46,"column":71}},"23":{"start":{"line":47,"column":4},"end":{"line":47,"column":76}},"24":{"start":{"line":49,"column":4},"end":{"line":49,"column":16}},"25":{"start":{"line":53,"column":0},"end":{"line":59,"column":2}}},"fnMap":{"0":{"name":"list","decl":{"start":{"line":5,"column":15},"end":{"line":5,"column":19}},"loc":{"start":{"line":5,"column":36},"end":{"line":12,"column":1}},"line":5},"1":{"name":"getById","decl":{"start":{"line":14,"column":15},"end":{"line":14,"column":22}},"loc":{"start":{"line":14,"column":39},"end":{"line":24,"column":1}},"line":14},"2":{"name":"create","decl":{"start":{"line":26,"column":15},"end":{"line":26,"column":21}},"loc":{"start":{"line":26,"column":38},"end":{"line":33,"column":1}},"line":26},"3":{"name":"update","decl":{"start":{"line":35,"column":15},"end":{"line":35,"column":21}},"loc":{"start":{"line":35,"column":38},"end":{"line":42,"column":1}},"line":35},"4":{"name":"remove","decl":{"start":{"line":44,"column":15},"end":{"line":44,"column":21}},"loc":{"start":{"line":44,"column":38},"end":{"line":51,"column":1}},"line":44}},"branchMap":{"0":{"loc":{"start":{"line":17,"column":4},"end":{"line":19,"column":5}},"type":"if","locations":[{"start":{"line":17,"column":4},"end":{"line":19,"column":5}},{"start":{},"end":{}}],"line":17}},"s":{"0":3,"1":3,"2":3,"3":0,"4":0,"5":0,"6":0,"7":0,"8":0,"9":0,"10":0,"11":0,"12":0,"13":0,"14":0,"15":0,"16":0,"17":0,"18":0,"19":0,"20":0,"21":0,"22":0,"23":0,"24":0,"25":3},"f":{"0":0,"1":0,"2":0,"3":0,"4":0},"b":{"0":[0,0]},"_coverageSchema":"1a1c01bbd47fc00a2c39e90264f33305004495a9","hash":"67afabe42e8f628d8afcbb7d5455022d9ce8a99f"}
,"C:\\Users\\HP\\Documents\\PROYECTO CRUD\\backend\\src\\middlewares\\auth.middleware.js": {"path":"C:\\Users\\HP\\Documents\\PROYECTO CRUD\\backend\\src\\middlewares\\auth.middleware.js","statementMap":{"0":{"start":{"line":1,"column":12},"end":{"line":1,"column":35}},"1":{"start":{"line":2,"column":12},"end":{"line":2,"column":36}},"2":{"start":{"line":5,"column":21},"end":{"line":5,"column":46}},"3":{"start":{"line":7,"column":2},"end":{"line":12,"column":3}},"4":{"start":{"line":8,"column":4},"end":{"line":11,"column":7}},"5":{"start":{"line":14,"column":2},"end":{"line":38,"column":3}},"6":{"start":{"line":15,"column":18},"end":{"line":15,"column":42}},"7":{"start":{"line":16,"column":4},"end":{"line":21,"column":5}},"8":{"start":{"line":17,"column":6},"end":{"line":20,"column":9}},"9":{"start":{"line":23,"column":20},"end":{"line":23,"column":52}},"10":{"start":{"line":24,"column":4},"end":{"line":29,"column":5}},"11":{"start":{"line":25,"column":6},"end":{"line":28,"column":9}},"12":{"start":{"line":31,"column":4},"end":{"line":31,"column":23}},"13":{"start":{"line":32,"column":4},"end":{"line":32,"column":11}},"14":{"start":{"line":34,"column":4},"end":{"line":37,"column":7}},"15":{"start":{"line":41,"column":0},"end":{"line":41,"column":32}}},"fnMap":{"0":{"name":"authMiddleware","decl":{"start":{"line":4,"column":9},"end":{"line":4,"column":23}},"loc":{"start":{"line":4,"column":40},"end":{"line":39,"column":1}},"line":4}},"branchMap":{"0":{"loc":{"start":{"line":7,"column":2},"end":{"line":12,"column":3}},"type":"if","locations":[{"start":{"line":7,"column":2},"end":{"line":12,"column":3}},{"start":{},"end":{}}],"line":7},"1":{"loc":{"start":{"line":7,"column":6},"end":{"line":7,"column":54}},"type":"binary-expr","locations":[{"start":{"line":7,"column":6},"end":{"line":7,"column":17}},{"start":{"line":7,"column":21},"end":{"line":7,"column":54}}],"line":7},"2":{"loc":{"start":{"line":16,"column":4},"end":{"line":21,"column":5}},"type":"if","locations":[{"start":{"line":16,"column":4},"end":{"line":21,"column":5}},{"start":{},"end":{}}],"line":16},"3":{"loc":{"start":{"line":16,"column":8},"end":{"line":16,"column":35}},"type":"binary-expr","locations":[{"start":{"line":16,"column":8},"end":{"line":16,"column":14}},{"start":{"line":16,"column":18},"end":{"line":16,"column":35}}],"line":16},"4":{"loc":{"start":{"line":24,"column":4},"end":{"line":29,"column":5}},"type":"if","locations":[{"start":{"line":24,"column":4},"end":{"line":29,"column":5}},{"start":{},"end":{}}],"line":24},"5":{"loc":{"start":{"line":24,"column":8},"end":{"line":24,"column":37}},"type":"binary-expr","locations":[{"start":{"line":24,"column":8},"end":{"line":24,"column":20}},{"start":{"line":24,"column":24},"end":{"line":24,"column":37}}],"line":24}},"s":{"0":3,"1":3,"2":0,"3":0,"4":0,"5":0,"6":0,"7":0,"8":0,"9":0,"10":0,"11":0,"12":0,"13":0,"14":0,"15":3},"f":{"0":0},"b":{"0":[0,0],"1":[0,0],"2":[0,0],"3":[0,0],"4":[0,0],"5":[0,0]},"_coverageSchema":"1a1c01bbd47fc00a2c39e90264f33305004495a9","hash":"372f2288b706a983e719fa827338a85969846f67"}
,"C:\\Users\\HP\\Documents\\PROYECTO CRUD\\backend\\src\\middlewares\\error.middleware.js": {"path":"C:\\Users\\HP\\Documents\\PROYECTO CRUD\\backend\\src\\middlewares\\error.middleware.js","statementMap":{"0":{"start":{"line":2,"column":2},"end":{"line":5,"column":5}},"1":{"start":{"line":9,"column":17},"end":{"line":9,"column":34}},"2":{"start":{"line":10,"column":23},"end":{"line":10,"column":60}},"3":{"start":{"line":12,"column":2},"end":{"line":14,"column":3}},"4":{"start":{"line":13,"column":4},"end":{"line":13,"column":23}},"5":{"start":{"line":16,"column":2},"end":{"line":21,"column":5}},"6":{"start":{"line":24,"column":0},"end":{"line":27,"column":2}}},"fnMap":{"0":{"name":"notFoundHandler","decl":{"start":{"line":1,"column":9},"end":{"line":1,"column":24}},"loc":{"start":{"line":1,"column":41},"end":{"line":6,"column":1}},"line":1},"1":{"name":"errorHandler","decl":{"start":{"line":8,"column":9},"end":{"line":8,"column":21}},"loc":{"start":{"line":8,"column":43},"end":{"line":22,"column":1}},"line":8}},"branchMap":{"0":{"loc":{"start":{"line":9,"column":17},"end":{"line":9,"column":34}},"type":"binary-expr","locations":[{"start":{"line":9,"column":17},"end":{"line":9,"column":27}},{"start":{"line":9,"column":31},"end":{"line":9,"column":34}}],"line":9},"1":{"loc":{"start":{"line":12,"column":2},"end":{"line":14,"column":3}},"type":"if","locations":[{"start":{"line":12,"column":2},"end":{"line":14,"column":3}},{"start":{},"end":{}}],"line":12},"2":{"loc":{"start":{"line":12,"column":6},"end":{"line":12,"column":36}},"type":"binary-expr","locations":[{"start":{"line":12,"column":6},"end":{"line":12,"column":19}},{"start":{"line":12,"column":23},"end":{"line":12,"column":36}}],"line":12},"3":{"loc":{"start":{"line":18,"column":13},"end":{"line":20,"column":51}},"type":"cond-expr","locations":[{"start":{"line":19,"column":8},"end":{"line":19,"column":36}},{"start":{"line":20,"column":8},"end":{"line":20,"column":51}}],"line":18},"4":{"loc":{"start":{"line":18,"column":13},"end":{"line":18,"column":42}},"type":"binary-expr","locations":[{"start":{"line":18,"column":13},"end":{"line":18,"column":26}},{"start":{"line":18,"column":30},"end":{"line":18,"column":42}}],"line":18},"5":{"loc":{"start":{"line":20,"column":8},"end":{"line":20,"column":51}},"type":"binary-expr","locations":[{"start":{"line":20,"column":8},"end":{"line":20,"column":19}},{"start":{"line":20,"column":23},"end":{"line":20,"column":51}}],"line":20}},"s":{"0":0,"1":29,"2":29,"3":29,"4":29,"5":29,"6":3},"f":{"0":0,"1":29},"b":{"0":[29,0],"1":[29,0],"2":[29,0],"3":[0,29],"4":[29,0],"5":[29,0]},"_coverageSchema":"1a1c01bbd47fc00a2c39e90264f33305004495a9","hash":"0702746956d7166fcfec70b9474de81c9d189737"}
,"C:\\Users\\HP\\Documents\\PROYECTO CRUD\\backend\\src\\middlewares\\rate-limit.middleware.js": {"path":"C:\\Users\\HP\\Documents\\PROYECTO CRUD\\backend\\src\\middlewares\\rate-limit.middleware.js","statementMap":{"0":{"start":{"line":1,"column":18},"end":{"line":1,"column":47}},"1":{"start":{"line":3,"column":21},"end":{"line":12,"column":2}},"2":{"start":{"line":14,"column":24},"end":{"line":23,"column":2}},"3":{"start":{"line":25,"column":25},"end":{"line":34,"column":2}},"4":{"start":{"line":36,"column":32},"end":{"line":45,"column":2}},"5":{"start":{"line":47,"column":0},"end":{"line":52,"column":2}}},"fnMap":{},"branchMap":{},"s":{"0":3,"1":3,"2":3,"3":3,"4":3,"5":3},"f":{},"b":{},"_coverageSchema":"1a1c01bbd47fc00a2c39e90264f33305004495a9","hash":"dc9d6537eb3a2f52570e449acaa5a8af0a7b5c9a"}
,"C:\\Users\\HP\\Documents\\PROYECTO CRUD\\backend\\src\\middlewares\\role.middleware.js": {"path":"C:\\Users\\HP\\Documents\\PROYECTO CRUD\\backend\\src\\middlewares\\role.middleware.js","statementMap":{"0":{"start":{"line":2,"column":2},"end":{"line":12,"column":4}},"1":{"start":{"line":3,"column":21},"end":{"line":3,"column":66}},"2":{"start":{"line":4,"column":4},"end":{"line":9,"column":5}},"3":{"start":{"line":5,"column":6},"end":{"line":8,"column":9}},"4":{"start":{"line":11,"column":4},"end":{"line":11,"column":11}},"5":{"start":{"line":15,"column":0},"end":{"line":15,"column":32}}},"fnMap":{"0":{"name":"roleMiddleware","decl":{"start":{"line":1,"column":9},"end":{"line":1,"column":23}},"loc":{"start":{"line":1,"column":41},"end":{"line":13,"column":1}},"line":1},"1":{"name":"(anonymous_1)","decl":{"start":{"line":2,"column":9},"end":{"line":2,"column":10}},"loc":{"start":{"line":2,"column":29},"end":{"line":12,"column":3}},"line":2}},"branchMap":{"0":{"loc":{"start":{"line":3,"column":21},"end":{"line":3,"column":66}},"type":"binary-expr","locations":[{"start":{"line":3,"column":21},"end":{"line":3,"column":29}},{"start":{"line":3,"column":34},"end":{"line":3,"column":46}},{"start":{"line":3,"column":50},"end":{"line":3,"column":65}}],"line":3},"1":{"loc":{"start":{"line":4,"column":4},"end":{"line":9,"column":5}},"type":"if","locations":[{"start":{"line":4,"column":4},"end":{"line":9,"column":5}},{"start":{},"end":{}}],"line":4},"2":{"loc":{"start":{"line":4,"column":8},"end":{"line":4,"column":73}},"type":"binary-expr","locations":[{"start":{"line":4,"column":8},"end":{"line":4,"column":17}},{"start":{"line":4,"column":21},"end":{"line":4,"column":73}}],"line":4}},"s":{"0":129,"1":0,"2":0,"3":0,"4":0,"5":3},"f":{"0":129,"1":0},"b":{"0":[0,0,0],"1":[0,0],"2":[0,0]},"_coverageSchema":"1a1c01bbd47fc00a2c39e90264f33305004495a9","hash":"1e1422746e608c2bc860aa1033db36ff98b0e0c9"}
,"C:\\Users\\HP\\Documents\\PROYECTO CRUD\\backend\\src\\models\\auditoria.model.js": {"path":"C:\\Users\\HP\\Documents\\PROYECTO CRUD\\backend\\src\\models\\auditoria.model.js","statementMap":{"0":{"start":{"line":1,"column":17},"end":{"line":1,"column":40}},"1":{"start":{"line":4,"column":19},"end":{"line":17,"column":3}},"2":{"start":{"line":18,"column":2},"end":{"line":18,"column":25}},"3":{"start":{"line":22,"column":17},"end":{"line":30,"column":3}},"4":{"start":{"line":31,"column":20},"end":{"line":31,"column":79}},"5":{"start":{"line":32,"column":2},"end":{"line":32,"column":38}},"6":{"start":{"line":35,"column":0},"end":{"line":38,"column":2}}},"fnMap":{"0":{"name":"create","decl":{"start":{"line":3,"column":15},"end":{"line":3,"column":21}},"loc":{"start":{"line":3,"column":28},"end":{"line":19,"column":1}},"line":3},"1":{"name":"findPaginated","decl":{"start":{"line":21,"column":15},"end":{"line":21,"column":28}},"loc":{"start":{"line":21,"column":48},"end":{"line":33,"column":1}},"line":21}},"branchMap":{"0":{"loc":{"start":{"line":9,"column":6},"end":{"line":9,"column":29}},"type":"binary-expr","locations":[{"start":{"line":9,"column":6},"end":{"line":9,"column":21}},{"start":{"line":9,"column":25},"end":{"line":9,"column":29}}],"line":9},"1":{"loc":{"start":{"line":12,"column":6},"end":{"line":12,"column":54}},"type":"cond-expr","locations":[{"start":{"line":12,"column":24},"end":{"line":12,"column":47}},{"start":{"line":12,"column":50},"end":{"line":12,"column":54}}],"line":12},"2":{"loc":{"start":{"line":13,"column":6},"end":{"line":13,"column":56}},"type":"cond-expr","locations":[{"start":{"line":13,"column":21},"end":{"line":13,"column":49}},{"start":{"line":13,"column":52},"end":{"line":13,"column":56}}],"line":13},"3":{"loc":{"start":{"line":14,"column":6},"end":{"line":14,"column":21}},"type":"binary-expr","locations":[{"start":{"line":14,"column":6},"end":{"line":14,"column":13}},{"start":{"line":14,"column":17},"end":{"line":14,"column":21}}],"line":14},"4":{"loc":{"start":{"line":15,"column":6},"end":{"line":15,"column":29}},"type":"binary-expr","locations":[{"start":{"line":15,"column":6},"end":{"line":15,"column":21}},{"start":{"line":15,"column":25},"end":{"line":15,"column":29}}],"line":15}},"s":{"0":1,"1":0,"2":0,"3":0,"4":0,"5":0,"6":1},"f":{"0":0,"1":0},"b":{"0":[0,0],"1":[0,0],"2":[0,0],"3":[0,0],"4":[0,0]},"_coverageSchema":"1a1c01bbd47fc00a2c39e90264f33305004495a9","hash":"d5165b5838059ea4355521e9acf3f51f8bee9693"}
,"C:\\Users\\HP\\Documents\\PROYECTO CRUD\\backend\\src\\models\\espacios.model.js": {"path":"C:\\Users\\HP\\Documents\\PROYECTO CRUD\\backend\\src\\models\\espacios.model.js","statementMap":{"0":{"start":{"line":1,"column":17},"end":{"line":1,"column":40}},"1":{"start":{"line":4,"column":17},"end":{"line":11,"column":3}},"2":{"start":{"line":12,"column":2},"end":{"line":12,"column":14}},"3":{"start":{"line":16,"column":17},"end":{"line":25,"column":3}},"4":{"start":{"line":26,"column":20},"end":{"line":26,"column":78}},"5":{"start":{"line":27,"column":2},"end":{"line":27,"column":38}},"6":{"start":{"line":31,"column":17},"end":{"line":39,"column":3}},"7":{"start":{"line":40,"column":2},"end":{"line":40,"column":25}},"8":{"start":{"line":44,"column":17},"end":{"line":47,"column":3}},"9":{"start":{"line":48,"column":2},"end":{"line":48,"column":25}},"10":{"start":{"line":52,"column":19},"end":{"line":64,"column":3}},"11":{"start":{"line":65,"column":2},"end":{"line":65,"column":35}},"12":{"start":{"line":69,"column":2},"end":{"line":83,"column":4}},"13":{"start":{"line":84,"column":2},"end":{"line":84,"column":22}},"14":{"start":{"line":88,"column":19},"end":{"line":88,"column":78}},"15":{"start":{"line":89,"column":2},"end":{"line":89,"column":29}},"16":{"start":{"line":92,"column":0},"end":{"line":100,"column":2}}},"fnMap":{"0":{"name":"findAll","decl":{"start":{"line":3,"column":15},"end":{"line":3,"column":22}},"loc":{"start":{"line":3,"column":25},"end":{"line":13,"column":1}},"line":3},"1":{"name":"findPaginated","decl":{"start":{"line":15,"column":15},"end":{"line":15,"column":28}},"loc":{"start":{"line":15,"column":48},"end":{"line":28,"column":1}},"line":15},"2":{"name":"findById","decl":{"start":{"line":30,"column":15},"end":{"line":30,"column":23}},"loc":{"start":{"line":30,"column":28},"end":{"line":41,"column":1}},"line":30},"3":{"name":"findByCodigo","decl":{"start":{"line":43,"column":15},"end":{"line":43,"column":27}},"loc":{"start":{"line":43,"column":36},"end":{"line":49,"column":1}},"line":43},"4":{"name":"create","decl":{"start":{"line":51,"column":15},"end":{"line":51,"column":21}},"loc":{"start":{"line":51,"column":28},"end":{"line":66,"column":1}},"line":51},"5":{"name":"update","decl":{"start":{"line":68,"column":15},"end":{"line":68,"column":21}},"loc":{"start":{"line":68,"column":32},"end":{"line":85,"column":1}},"line":68},"6":{"name":"remove","decl":{"start":{"line":87,"column":15},"end":{"line":87,"column":21}},"loc":{"start":{"line":87,"column":26},"end":{"line":90,"column":1}},"line":87}},"branchMap":{"0":{"loc":{"start":{"line":40,"column":9},"end":{"line":40,"column":24}},"type":"binary-expr","locations":[{"start":{"line":40,"column":9},"end":{"line":40,"column":16}},{"start":{"line":40,"column":20},"end":{"line":40,"column":24}}],"line":40},"1":{"loc":{"start":{"line":48,"column":9},"end":{"line":48,"column":24}},"type":"binary-expr","locations":[{"start":{"line":48,"column":9},"end":{"line":48,"column":16}},{"start":{"line":48,"column":20},"end":{"line":48,"column":24}}],"line":48},"2":{"loc":{"start":{"line":60,"column":6},"end":{"line":60,"column":28}},"type":"binary-expr","locations":[{"start":{"line":60,"column":6},"end":{"line":60,"column":20}},{"start":{"line":60,"column":24},"end":{"line":60,"column":28}}],"line":60},"3":{"loc":{"start":{"line":61,"column":6},"end":{"line":61,"column":25}},"type":"binary-expr","locations":[{"start":{"line":61,"column":6},"end":{"line":61,"column":20}},{"start":{"line":61,"column":24},"end":{"line":61,"column":25}}],"line":61},"4":{"loc":{"start":{"line":62,"column":6},"end":{"line":62,"column":30}},"type":"binary-expr","locations":[{"start":{"line":62,"column":6},"end":{"line":62,"column":22}},{"start":{"line":62,"column":26},"end":{"line":62,"column":30}}],"line":62},"5":{"loc":{"start":{"line":78,"column":6},"end":{"line":78,"column":28}},"type":"binary-expr","locations":[{"start":{"line":78,"column":6},"end":{"line":78,"column":20}},{"start":{"line":78,"column":24},"end":{"line":78,"column":28}}],"line":78},"6":{"loc":{"start":{"line":79,"column":6},"end":{"line":79,"column":25}},"type":"binary-expr","locations":[{"start":{"line":79,"column":6},"end":{"line":79,"column":20}},{"start":{"line":79,"column":24},"end":{"line":79,"column":25}}],"line":79},"7":{"loc":{"start":{"line":80,"column":6},"end":{"line":80,"column":30}},"type":"binary-expr","locations":[{"start":{"line":80,"column":6},"end":{"line":80,"column":22}},{"start":{"line":80,"column":26},"end":{"line":80,"column":30}}],"line":80}},"s":{"0":1,"1":0,"2":0,"3":0,"4":0,"5":0,"6":0,"7":0,"8":0,"9":0,"10":0,"11":0,"12":0,"13":0,"14":0,"15":0,"16":1},"f":{"0":0,"1":0,"2":0,"3":0,"4":0,"5":0,"6":0},"b":{"0":[0,0],"1":[0,0],"2":[0,0],"3":[0,0],"4":[0,0],"5":[0,0],"6":[0,0],"7":[0,0]},"_coverageSchema":"1a1c01bbd47fc00a2c39e90264f33305004495a9","hash":"643a52c247de51db1e66d6ede69cee60356a69a4"}
,"C:\\Users\\HP\\Documents\\PROYECTO CRUD\\backend\\src\\models\\estados.model.js": {"path":"C:\\Users\\HP\\Documents\\PROYECTO CRUD\\backend\\src\\models\\estados.model.js","statementMap":{"0":{"start":{"line":1,"column":17},"end":{"line":1,"column":40}},"1":{"start":{"line":4,"column":17},"end":{"line":6,"column":3}},"2":{"start":{"line":7,"column":2},"end":{"line":7,"column":14}},"3":{"start":{"line":11,"column":17},"end":{"line":14,"column":3}},"4":{"start":{"line":15,"column":2},"end":{"line":15,"column":14}},"5":{"start":{"line":19,"column":17},"end":{"line":22,"column":3}},"6":{"start":{"line":23,"column":2},"end":{"line":23,"column":25}},"7":{"start":{"line":27,"column":17},"end":{"line":30,"column":3}},"8":{"start":{"line":31,"column":2},"end":{"line":31,"column":25}},"9":{"start":{"line":35,"column":17},"end":{"line":38,"column":3}},"10":{"start":{"line":39,"column":2},"end":{"line":39,"column":25}},"11":{"start":{"line":43,"column":19},"end":{"line":46,"column":3}},"12":{"start":{"line":47,"column":2},"end":{"line":47,"column":35}},"13":{"start":{"line":51,"column":2},"end":{"line":54,"column":4}},"14":{"start":{"line":55,"column":2},"end":{"line":55,"column":22}},"15":{"start":{"line":59,"column":19},"end":{"line":59,"column":77}},"16":{"start":{"line":60,"column":2},"end":{"line":60,"column":29}},"17":{"start":{"line":63,"column":0},"end":{"line":72,"column":2}}},"fnMap":{"0":{"name":"findAll","decl":{"start":{"line":3,"column":15},"end":{"line":3,"column":22}},"loc":{"start":{"line":3,"column":25},"end":{"line":8,"column":1}},"line":3},"1":{"name":"findByCategory","decl":{"start":{"line":10,"column":15},"end":{"line":10,"column":29}},"loc":{"start":{"line":10,"column":40},"end":{"line":16,"column":1}},"line":10},"2":{"name":"findByName","decl":{"start":{"line":18,"column":15},"end":{"line":18,"column":25}},"loc":{"start":{"line":18,"column":42},"end":{"line":24,"column":1}},"line":18},"3":{"name":"findById","decl":{"start":{"line":26,"column":15},"end":{"line":26,"column":23}},"loc":{"start":{"line":26,"column":28},"end":{"line":32,"column":1}},"line":26},"4":{"name":"findByCategoryAndName","decl":{"start":{"line":34,"column":15},"end":{"line":34,"column":36}},"loc":{"start":{"line":34,"column":53},"end":{"line":40,"column":1}},"line":34},"5":{"name":"create","decl":{"start":{"line":42,"column":15},"end":{"line":42,"column":21}},"loc":{"start":{"line":42,"column":28},"end":{"line":48,"column":1}},"line":42},"6":{"name":"update","decl":{"start":{"line":50,"column":15},"end":{"line":50,"column":21}},"loc":{"start":{"line":50,"column":32},"end":{"line":56,"column":1}},"line":50},"7":{"name":"remove","decl":{"start":{"line":58,"column":15},"end":{"line":58,"column":21}},"loc":{"start":{"line":58,"column":26},"end":{"line":61,"column":1}},"line":58}},"branchMap":{"0":{"loc":{"start":{"line":23,"column":9},"end":{"line":23,"column":24}},"type":"binary-expr","locations":[{"start":{"line":23,"column":9},"end":{"line":23,"column":16}},{"start":{"line":23,"column":20},"end":{"line":23,"column":24}}],"line":23},"1":{"loc":{"start":{"line":31,"column":9},"end":{"line":31,"column":24}},"type":"binary-expr","locations":[{"start":{"line":31,"column":9},"end":{"line":31,"column":16}},{"start":{"line":31,"column":20},"end":{"line":31,"column":24}}],"line":31},"2":{"loc":{"start":{"line":39,"column":9},"end":{"line":39,"column":24}},"type":"binary-expr","locations":[{"start":{"line":39,"column":9},"end":{"line":39,"column":16}},{"start":{"line":39,"column":20},"end":{"line":39,"column":24}}],"line":39},"3":{"loc":{"start":{"line":45,"column":34},"end":{"line":45,"column":58}},"type":"binary-expr","locations":[{"start":{"line":45,"column":34},"end":{"line":45,"column":50}},{"start":{"line":45,"column":54},"end":{"line":45,"column":58}}],"line":45},"4":{"loc":{"start":{"line":45,"column":60},"end":{"line":45,"column":103}},"type":"cond-expr","locations":[{"start":{"line":45,"column":88},"end":{"line":45,"column":89}},{"start":{"line":45,"column":92},"end":{"line":45,"column":103}}],"line":45},"5":{"loc":{"start":{"line":53,"column":34},"end":{"line":53,"column":58}},"type":"binary-expr","locations":[{"start":{"line":53,"column":34},"end":{"line":53,"column":50}},{"start":{"line":53,"column":54},"end":{"line":53,"column":58}}],"line":53},"6":{"loc":{"start":{"line":53,"column":60},"end":{"line":53,"column":103}},"type":"cond-expr","locations":[{"start":{"line":53,"column":88},"end":{"line":53,"column":89}},{"start":{"line":53,"column":92},"end":{"line":53,"column":103}}],"line":53}},"s":{"0":1,"1":0,"2":0,"3":0,"4":0,"5":0,"6":0,"7":0,"8":0,"9":0,"10":0,"11":0,"12":0,"13":0,"14":0,"15":0,"16":0,"17":1},"f":{"0":0,"1":0,"2":0,"3":0,"4":0,"5":0,"6":0,"7":0},"b":{"0":[0,0],"1":[0,0],"2":[0,0],"3":[0,0],"4":[0,0],"5":[0,0],"6":[0,0]},"_coverageSchema":"1a1c01bbd47fc00a2c39e90264f33305004495a9","hash":"28e8d4efc79b98875c46f6fd41d026d5cb9f0912"}
,"C:\\Users\\HP\\Documents\\PROYECTO CRUD\\backend\\src\\models\\historial.model.js": {"path":"C:\\Users\\HP\\Documents\\PROYECTO CRUD\\backend\\src\\models\\historial.model.js","statementMap":{"0":{"start":{"line":1,"column":17},"end":{"line":1,"column":40}},"1":{"start":{"line":4,"column":17},"end":{"line":22,"column":3}},"2":{"start":{"line":23,"column":2},"end":{"line":23,"column":14}},"3":{"start":{"line":27,"column":17},"end":{"line":44,"column":3}},"4":{"start":{"line":45,"column":2},"end":{"line":45,"column":14}},"5":{"start":{"line":49,"column":17},"end":{"line":69,"column":3}},"6":{"start":{"line":70,"column":2},"end":{"line":70,"column":14}},"7":{"start":{"line":74,"column":19},"end":{"line":86,"column":3}},"8":{"start":{"line":87,"column":2},"end":{"line":87,"column":25}},"9":{"start":{"line":90,"column":0},"end":{"line":95,"column":2}}},"fnMap":{"0":{"name":"findAll","decl":{"start":{"line":3,"column":15},"end":{"line":3,"column":22}},"loc":{"start":{"line":3,"column":25},"end":{"line":24,"column":1}},"line":3},"1":{"name":"findByReservaId","decl":{"start":{"line":26,"column":15},"end":{"line":26,"column":30}},"loc":{"start":{"line":26,"column":42},"end":{"line":46,"column":1}},"line":26},"2":{"name":"findByUserId","decl":{"start":{"line":48,"column":15},"end":{"line":48,"column":27}},"loc":{"start":{"line":48,"column":39},"end":{"line":71,"column":1}},"line":48},"3":{"name":"create","decl":{"start":{"line":73,"column":15},"end":{"line":73,"column":21}},"loc":{"start":{"line":73,"column":40},"end":{"line":88,"column":1}},"line":73}},"branchMap":{"0":{"loc":{"start":{"line":81,"column":6},"end":{"line":81,"column":37}},"type":"binary-expr","locations":[{"start":{"line":81,"column":6},"end":{"line":81,"column":29}},{"start":{"line":81,"column":33},"end":{"line":81,"column":37}}],"line":81},"1":{"loc":{"start":{"line":84,"column":6},"end":{"line":84,"column":30}},"type":"binary-expr","locations":[{"start":{"line":84,"column":6},"end":{"line":84,"column":22}},{"start":{"line":84,"column":26},"end":{"line":84,"column":30}}],"line":84}},"s":{"0":1,"1":0,"2":0,"3":0,"4":0,"5":0,"6":0,"7":0,"8":0,"9":1},"f":{"0":0,"1":0,"2":0,"3":0},"b":{"0":[0,0],"1":[0,0]},"_coverageSchema":"1a1c01bbd47fc00a2c39e90264f33305004495a9","hash":"c1196c9fafee34898d53db209e3b058ce891bc35"}
,"C:\\Users\\HP\\Documents\\PROYECTO CRUD\\backend\\src\\models\\horarios.model.js": {"path":"C:\\Users\\HP\\Documents\\PROYECTO CRUD\\backend\\src\\models\\horarios.model.js","statementMap":{"0":{"start":{"line":1,"column":17},"end":{"line":1,"column":40}},"1":{"start":{"line":4,"column":17},"end":{"line":6,"column":3}},"2":{"start":{"line":7,"column":2},"end":{"line":7,"column":14}},"3":{"start":{"line":11,"column":17},"end":{"line":14,"column":3}},"4":{"start":{"line":15,"column":2},"end":{"line":15,"column":25}},"5":{"start":{"line":19,"column":19},"end":{"line":29,"column":3}},"6":{"start":{"line":30,"column":2},"end":{"line":30,"column":35}},"7":{"start":{"line":34,"column":2},"end":{"line":46,"column":4}},"8":{"start":{"line":47,"column":2},"end":{"line":47,"column":22}},"9":{"start":{"line":51,"column":19},"end":{"line":51,"column":78}},"10":{"start":{"line":52,"column":2},"end":{"line":52,"column":29}},"11":{"start":{"line":55,"column":0},"end":{"line":61,"column":2}}},"fnMap":{"0":{"name":"findAll","decl":{"start":{"line":3,"column":15},"end":{"line":3,"column":22}},"loc":{"start":{"line":3,"column":25},"end":{"line":8,"column":1}},"line":3},"1":{"name":"findById","decl":{"start":{"line":10,"column":15},"end":{"line":10,"column":23}},"loc":{"start":{"line":10,"column":28},"end":{"line":16,"column":1}},"line":10},"2":{"name":"create","decl":{"start":{"line":18,"column":15},"end":{"line":18,"column":21}},"loc":{"start":{"line":18,"column":28},"end":{"line":31,"column":1}},"line":18},"3":{"name":"update","decl":{"start":{"line":33,"column":15},"end":{"line":33,"column":21}},"loc":{"start":{"line":33,"column":32},"end":{"line":48,"column":1}},"line":33},"4":{"name":"remove","decl":{"start":{"line":50,"column":15},"end":{"line":50,"column":21}},"loc":{"start":{"line":50,"column":26},"end":{"line":53,"column":1}},"line":50}},"branchMap":{"0":{"loc":{"start":{"line":15,"column":9},"end":{"line":15,"column":24}},"type":"binary-expr","locations":[{"start":{"line":15,"column":9},"end":{"line":15,"column":16}},{"start":{"line":15,"column":20},"end":{"line":15,"column":24}}],"line":15},"1":{"loc":{"start":{"line":27,"column":6},"end":{"line":27,"column":49}},"type":"cond-expr","locations":[{"start":{"line":27,"column":34},"end":{"line":27,"column":35}},{"start":{"line":27,"column":38},"end":{"line":27,"column":49}}],"line":27},"2":{"loc":{"start":{"line":43,"column":6},"end":{"line":43,"column":49}},"type":"cond-expr","locations":[{"start":{"line":43,"column":34},"end":{"line":43,"column":35}},{"start":{"line":43,"column":38},"end":{"line":43,"column":49}}],"line":43}},"s":{"0":1,"1":0,"2":0,"3":0,"4":0,"5":0,"6":0,"7":0,"8":0,"9":0,"10":0,"11":1},"f":{"0":0,"1":0,"2":0,"3":0,"4":0},"b":{"0":[0,0],"1":[0,0],"2":[0,0]},"_coverageSchema":"1a1c01bbd47fc00a2c39e90264f33305004495a9","hash":"4ee886dc3f07b44b96126399933c0a4993fe003c"}
,"C:\\Users\\HP\\Documents\\PROYECTO CRUD\\backend\\src\\models\\index.js": {"path":"C:\\Users\\HP\\Documents\\PROYECTO CRUD\\backend\\src\\models\\index.js","statementMap":{"0":{"start":{"line":1,"column":0},"end":{"line":16,"column":2}}},"fnMap":{},"branchMap":{},"s":{"0":1},"f":{},"b":{},"_coverageSchema":"1a1c01bbd47fc00a2c39e90264f33305004495a9","hash":"f9bf4e5a2cf003672ea59f90f42cbcc28fa25ff6"}
,"C:\\Users\\HP\\Documents\\PROYECTO CRUD\\backend\\src\\models\\institutional-code-sequences.model.js": {"path":"C:\\Users\\HP\\Documents\\PROYECTO CRUD\\backend\\src\\models\\institutional-code-sequences.model.js","statementMap":{"0":{"start":{"line":1,"column":17},"end":{"line":1,"column":40}},"1":{"start":{"line":3,"column":0},"end":{"line":5,"column":2}}},"fnMap":{},"branchMap":{},"s":{"0":1,"1":1},"f":{},"b":{},"_coverageSchema":"1a1c01bbd47fc00a2c39e90264f33305004495a9","hash":"3c5dcf484a7f40654a8fa828e630413d1c1c76e4"}
,"C:\\Users\\HP\\Documents\\PROYECTO CRUD\\backend\\src\\models\\institutional-codes.model.js": {"path":"C:\\Users\\HP\\Documents\\PROYECTO CRUD\\backend\\src\\models\\institutional-codes.model.js","statementMap":{"0":{"start":{"line":1,"column":17},"end":{"line":1,"column":40}},"1":{"start":{"line":4,"column":19},"end":{"line":17,"column":3}},"2":{"start":{"line":18,"column":2},"end":{"line":18,"column":25}},"3":{"start":{"line":22,"column":17},"end":{"line":32,"column":3}},"4":{"start":{"line":33,"column":2},"end":{"line":33,"column":25}},"5":{"start":{"line":37,"column":17},"end":{"line":48,"column":3}},"6":{"start":{"line":49,"column":2},"end":{"line":49,"column":25}},"7":{"start":{"line":53,"column":2},"end":{"line":53,"column":88}},"8":{"start":{"line":57,"column":2},"end":{"line":62,"column":4}},"9":{"start":{"line":66,"column":2},"end":{"line":71,"column":4}},"10":{"start":{"line":75,"column":2},"end":{"line":75,"column":96}},"11":{"start":{"line":78,"column":0},"end":{"line":86,"column":2}}},"fnMap":{"0":{"name":"create","decl":{"start":{"line":3,"column":15},"end":{"line":3,"column":21}},"loc":{"start":{"line":3,"column":28},"end":{"line":19,"column":1}},"line":3},"1":{"name":"findLatestActiveByEmail","decl":{"start":{"line":21,"column":15},"end":{"line":21,"column":38}},"loc":{"start":{"line":21,"column":68},"end":{"line":34,"column":1}},"line":21},"2":{"name":"findLatestActiveByEmailAndRole","decl":{"start":{"line":36,"column":15},"end":{"line":36,"column":45}},"loc":{"start":{"line":36,"column":82},"end":{"line":50,"column":1}},"line":36},"3":{"name":"markUsed","decl":{"start":{"line":52,"column":15},"end":{"line":52,"column":23}},"loc":{"start":{"line":52,"column":28},"end":{"line":54,"column":1}},"line":52},"4":{"name":"invalidateActiveByEmail","decl":{"start":{"line":56,"column":15},"end":{"line":56,"column":38}},"loc":{"start":{"line":56,"column":68},"end":{"line":63,"column":1}},"line":56},"5":{"name":"invalidateActiveByEmailAndRole","decl":{"start":{"line":65,"column":15},"end":{"line":65,"column":45}},"loc":{"start":{"line":65,"column":82},"end":{"line":72,"column":1}},"line":65},"6":{"name":"incrementAttempts","decl":{"start":{"line":74,"column":15},"end":{"line":74,"column":32}},"loc":{"start":{"line":74,"column":37},"end":{"line":76,"column":1}},"line":74}},"branchMap":{"0":{"loc":{"start":{"line":14,"column":6},"end":{"line":14,"column":32}},"type":"binary-expr","locations":[{"start":{"line":14,"column":6},"end":{"line":14,"column":26}},{"start":{"line":14,"column":30},"end":{"line":14,"column":32}}],"line":14},"1":{"loc":{"start":{"line":15,"column":6},"end":{"line":15,"column":32}},"type":"binary-expr","locations":[{"start":{"line":15,"column":6},"end":{"line":15,"column":18}},{"start":{"line":15,"column":22},"end":{"line":15,"column":32}}],"line":15},"2":{"loc":{"start":{"line":21,"column":46},"end":{"line":21,"column":66}},"type":"default-arg","locations":[{"start":{"line":21,"column":56},"end":{"line":21,"column":66}}],"line":21},"3":{"loc":{"start":{"line":33,"column":9},"end":{"line":33,"column":24}},"type":"binary-expr","locations":[{"start":{"line":33,"column":9},"end":{"line":33,"column":16}},{"start":{"line":33,"column":20},"end":{"line":33,"column":24}}],"line":33},"4":{"loc":{"start":{"line":36,"column":60},"end":{"line":36,"column":80}},"type":"default-arg","locations":[{"start":{"line":36,"column":70},"end":{"line":36,"column":80}}],"line":36},"5":{"loc":{"start":{"line":49,"column":9},"end":{"line":49,"column":24}},"type":"binary-expr","locations":[{"start":{"line":49,"column":9},"end":{"line":49,"column":16}},{"start":{"line":49,"column":20},"end":{"line":49,"column":24}}],"line":49},"6":{"loc":{"start":{"line":56,"column":46},"end":{"line":56,"column":66}},"type":"default-arg","locations":[{"start":{"line":56,"column":56},"end":{"line":56,"column":66}}],"line":56},"7":{"loc":{"start":{"line":65,"column":60},"end":{"line":65,"column":80}},"type":"default-arg","locations":[{"start":{"line":65,"column":70},"end":{"line":65,"column":80}}],"line":65}},"s":{"0":1,"1":0,"2":0,"3":0,"4":0,"5":0,"6":0,"7":0,"8":0,"9":0,"10":0,"11":1},"f":{"0":0,"1":0,"2":0,"3":0,"4":0,"5":0,"6":0},"b":{"0":[0,0],"1":[0,0],"2":[0],"3":[0,0],"4":[0],"5":[0,0],"6":[0],"7":[0]},"_coverageSchema":"1a1c01bbd47fc00a2c39e90264f33305004495a9","hash":"d67626a57556a3af59f0210cc314e31fceffe40d"}
,"C:\\Users\\HP\\Documents\\PROYECTO CRUD\\backend\\src\\models\\login-attempts.model.js": {"path":"C:\\Users\\HP\\Documents\\PROYECTO CRUD\\backend\\src\\models\\login-attempts.model.js","statementMap":{"0":{"start":{"line":1,"column":17},"end":{"line":1,"column":40}},"1":{"start":{"line":4,"column":26},"end":{"line":4,"column":71}},"2":{"start":{"line":5,"column":19},"end":{"line":18,"column":3}},"3":{"start":{"line":19,"column":2},"end":{"line":19,"column":25}},"4":{"start":{"line":23,"column":26},"end":{"line":23,"column":66}},"5":{"start":{"line":24,"column":17},"end":{"line":32,"column":3}},"6":{"start":{"line":33,"column":2},"end":{"line":33,"column":29}},"7":{"start":{"line":36,"column":0},"end":{"line":39,"column":2}}},"fnMap":{"0":{"name":"create","decl":{"start":{"line":3,"column":15},"end":{"line":3,"column":21}},"loc":{"start":{"line":3,"column":28},"end":{"line":20,"column":1}},"line":3},"1":{"name":"countRecentFailures","decl":{"start":{"line":22,"column":15},"end":{"line":22,"column":34}},"loc":{"start":{"line":22,"column":69},"end":{"line":34,"column":1}},"line":22}},"branchMap":{"0":{"loc":{"start":{"line":4,"column":33},"end":{"line":4,"column":49}},"type":"binary-expr","locations":[{"start":{"line":4,"column":33},"end":{"line":4,"column":43}},{"start":{"line":4,"column":47},"end":{"line":4,"column":49}}],"line":4},"1":{"loc":{"start":{"line":10,"column":6},"end":{"line":10,"column":29}},"type":"binary-expr","locations":[{"start":{"line":10,"column":6},"end":{"line":10,"column":21}},{"start":{"line":10,"column":25},"end":{"line":10,"column":29}}],"line":10},"2":{"loc":{"start":{"line":12,"column":6},"end":{"line":12,"column":30}},"type":"binary-expr","locations":[{"start":{"line":12,"column":6},"end":{"line":12,"column":19}},{"start":{"line":12,"column":23},"end":{"line":12,"column":30}}],"line":12},"3":{"loc":{"start":{"line":13,"column":6},"end":{"line":13,"column":21}},"type":"binary-expr","locations":[{"start":{"line":13,"column":6},"end":{"line":13,"column":13}},{"start":{"line":13,"column":17},"end":{"line":13,"column":21}}],"line":13},"4":{"loc":{"start":{"line":14,"column":6},"end":{"line":14,"column":29}},"type":"binary-expr","locations":[{"start":{"line":14,"column":6},"end":{"line":14,"column":21}},{"start":{"line":14,"column":25},"end":{"line":14,"column":29}}],"line":14},"5":{"loc":{"start":{"line":15,"column":6},"end":{"line":15,"column":26}},"type":"cond-expr","locations":[{"start":{"line":15,"column":21},"end":{"line":15,"column":22}},{"start":{"line":15,"column":25},"end":{"line":15,"column":26}}],"line":15},"6":{"loc":{"start":{"line":16,"column":6},"end":{"line":16,"column":33}},"type":"binary-expr","locations":[{"start":{"line":16,"column":6},"end":{"line":16,"column":25}},{"start":{"line":16,"column":29},"end":{"line":16,"column":33}}],"line":16},"7":{"loc":{"start":{"line":23,"column":33},"end":{"line":23,"column":44}},"type":"binary-expr","locations":[{"start":{"line":23,"column":33},"end":{"line":23,"column":38}},{"start":{"line":23,"column":42},"end":{"line":23,"column":44}}],"line":23},"8":{"loc":{"start":{"line":31,"column":5},"end":{"line":31,"column":24}},"type":"binary-expr","locations":[{"start":{"line":31,"column":5},"end":{"line":31,"column":13}},{"start":{"line":31,"column":17},"end":{"line":31,"column":24}}],"line":31},"9":{"loc":{"start":{"line":31,"column":52},"end":{"line":31,"column":60}},"type":"binary-expr","locations":[{"start":{"line":31,"column":52},"end":{"line":31,"column":54}},{"start":{"line":31,"column":58},"end":{"line":31,"column":60}}],"line":31},"10":{"loc":{"start":{"line":33,"column":9},"end":{"line":33,"column":28}},"type":"binary-expr","locations":[{"start":{"line":33,"column":9},"end":{"line":33,"column":23}},{"start":{"line":33,"column":27},"end":{"line":33,"column":28}}],"line":33}},"s":{"0":1,"1":0,"2":0,"3":0,"4":0,"5":0,"6":0,"7":1},"f":{"0":0,"1":0},"b":{"0":[0,0],"1":[0,0],"2":[0,0],"3":[0,0],"4":[0,0],"5":[0,0],"6":[0,0],"7":[0,0],"8":[0,0],"9":[0,0],"10":[0,0]},"_coverageSchema":"1a1c01bbd47fc00a2c39e90264f33305004495a9","hash":"2ffdce272f1623e22f38e7b00271c4b6115b1ee8"}
[...]
line":3,"column":2},"end":{"line":7,"column":25}},"3":{"start":{"line":11,"column":2},"end":{"line":11,"column":58}},"4":{"start":{"line":11,"column":45},"end":{"line":11,"column":58}},"5":{"start":{"line":12,"column":2},"end":{"line":12,"column":84}},"6":{"start":{"line":16,"column":2},"end":{"line":20,"column":3}},"7":{"start":{"line":17,"column":18},"end":{"line":17,"column":77}},"8":{"start":{"line":18,"column":4},"end":{"line":18,"column":23}},"9":{"start":{"line":19,"column":4},"end":{"line":19,"column":16}},"10":{"start":{"line":23,"column":0},"end":{"line":27,"column":2}}},"fnMap":{"0":{"name":"normalizeText","decl":{"start":{"line":1,"column":9},"end":{"line":1,"column":22}},"loc":{"start":{"line":1,"column":47},"end":{"line":8,"column":1}},"line":1},"1":{"name":"hasDangerousContent","decl":{"start":{"line":10,"column":9},"end":{"line":10,"column":28}},"loc":{"start":{"line":10,"column":36},"end":{"line":13,"column":1}},"line":10},"2":{"name":"assertSafeText","decl":{"start":{"line":15,"column":9},"end":{"line":15,"column":23}},"loc":{"start":{"line":15,"column":42},"end":{"line":21,"column":1}},"line":15}},"branchMap":{"0":{"loc":{"start":{"line":1,"column":30},"end":{"line":1,"column":45}},"type":"default-arg","locations":[{"start":{"line":1,"column":42},"end":{"line":1,"column":45}}],"line":1},"1":{"loc":{"start":{"line":2,"column":2},"end":{"line":2,"column":55}},"type":"if","locations":[{"start":{"line":2,"column":2},"end":{"line":2,"column":55}},{"start":{},"end":{}}],"line":2},"2":{"loc":{"start":{"line":2,"column":6},"end":{"line":2,"column":43}},"type":"binary-expr","locations":[{"start":{"line":2,"column":6},"end":{"line":2,"column":25}},{"start":{"line":2,"column":29},"end":{"line":2,"column":43}}],"line":2},"3":{"loc":{"start":{"line":11,"column":2},"end":{"line":11,"column":58}},"type":"if","locations":[{"start":{"line":11,"column":2},"end":{"line":11,"column":58}},{"start":{},"end":{}}],"line":11},"4":{"loc":{"start":{"line":11,"column":6},"end":{"line":11,"column":43}},"type":"binary-expr","locations":[{"start":{"line":11,"column":6},"end":{"line":11,"column":25}},{"start":{"line":11,"column":29},"end":{"line":11,"column":43}}],"line":11},"5":{"loc":{"start":{"line":16,"column":2},"end":{"line":20,"column":3}},"type":"if","locations":[{"start":{"line":16,"column":2},"end":{"line":20,"column":3}},{"start":{},"end":{}}],"line":16}},"s":{"0":269,"1":0,"2":269,"3":52,"4":0,"5":52,"6":50,"7":3,"8":3,"9":3,"10":11},"f":{"0":269,"1":52,"2":50},"b":{"0":[0],"1":[0,269],"2":[269,269],"3":[0,52],"4":[52,52],"5":[3,47]},"_coverageSchema":"1a1c01bbd47fc00a2c39e90264f33305004495a9","hash":"8f83315d1707a32b3fe8b2dfa1d345ca309bdcdd"}
,"C:\\Users\\HP\\Documents\\PROYECTO CRUD\\backend\\src\\validators\\index.js": {"path":"C:\\Users\\HP\\Documents\\PROYECTO CRUD\\backend\\src\\validators\\index.js","statementMap":{"0":{"start":{"line":1,"column":42},"end":{"line":1,"column":70}},"1":{"start":{"line":2,"column":34},"end":{"line":2,"column":68}},"2":{"start":{"line":5,"column":18},"end":{"line":7,"column":3}},"3":{"start":{"line":6,"column":15},"end":{"line":6,"column":95}},"4":{"start":{"line":8,"column":2},"end":{"line":12,"column":3}},"5":{"start":{"line":9,"column":18},"end":{"line":9,"column":80}},"6":{"start":{"line":10,"column":4},"end":{"line":10,"column":23}},"7":{"start":{"line":11,"column":4},"end":{"line":11,"column":16}},"8":{"start":{"line":16,"column":2},"end":{"line":16,"column":58}},"9":{"start":{"line":16,"column":45},"end":{"line":16,"column":58}},"10":{"start":{"line":17,"column":2},"end":{"line":17,"column":41}},"11":{"start":{"line":21,"column":2},"end":{"line":25,"column":3}},"12":{"start":{"line":22,"column":4},"end":{"line":24,"column":5}},"13":{"start":{"line":23,"column":6},"end":{"line":23,"column":51}},"14":{"start":{"line":26,"column":2},"end":{"line":26,"column":17}},"15":{"start":{"line":30,"column":21},"end":{"line":30,"column":58}},"16":{"start":{"line":31,"column":16},"end":{"line":32,"column":54}},"17":{"start":{"line":33,"column":2},"end":{"line":37,"column":3}},"18":{"start":{"line":34,"column":18},"end":{"line":34,"column":157}},"19":{"start":{"line":35,"column":4},"end":{"line":35,"column":23}},"20":{"start":{"line":36,"column":4},"end":{"line":36,"column":16}},"21":{"start":{"line":38,"column":2},"end":{"line":38,"column":20}},"22":{"start":{"line":42,"column":21},"end":{"line":42,"column":43}},"23":{"start":{"line":43,"column":2},"end":{"line":43,"column":40}},"24":{"start":{"line":44,"column":2},"end":{"line":48,"column":3}},"25":{"start":{"line":45,"column":18},"end":{"line":45,"column":86}},"26":{"start":{"line":46,"column":4},"end":{"line":46,"column":23}},"27":{"start":{"line":47,"column":4},"end":{"line":47,"column":16}},"28":{"start":{"line":49,"column":2},"end":{"line":49,"column":20}},"29":{"start":{"line":53,"column":21},"end":{"line":53,"column":57}},"30":{"start":{"line":54,"column":2},"end":{"line":54,"column":53}},"31":{"start":{"line":55,"column":2},"end":{"line":59,"column":3}},"32":{"start":{"line":56,"column":18},"end":{"line":56,"column":143}},"33":{"start":{"line":57,"column":4},"end":{"line":57,"column":23}},"34":{"start":{"line":58,"column":4},"end":{"line":58,"column":16}},"35":{"start":{"line":60,"column":2},"end":{"line":60,"column":20}},"36":{"start":{"line":64,"column":21},"end":{"line":64,"column":43}},"37":{"start":{"line":65,"column":17},"end":{"line":65,"column":50}},"38":{"start":{"line":66,"column":2},"end":{"line":70,"column":3}},"39":{"start":{"line":67,"column":18},"end":{"line":67,"column":63}},"40":{"start":{"line":68,"column":4},"end":{"line":68,"column":23}},"41":{"start":{"line":69,"column":4},"end":{"line":69,"column":16}},"42":{"start":{"line":71,"column":2},"end":{"line":74,"column":4}},"43":{"start":{"line":78,"column":16},"end":{"line":84,"column":3}},"44":{"start":{"line":85,"column":18},"end":{"line":85,"column":78}},"45":{"start":{"line":85,"column":41},"end":{"line":85,"column":49}},"46":{"start":{"line":85,"column":65},"end":{"line":85,"column":77}},"47":{"start":{"line":87,"column":2},"end":{"line":91,"column":3}},"48":{"start":{"line":88,"column":18},"end":{"line":88,"column":79}},"49":{"start":{"line":89,"column":4},"end":{"line":89,"column":23}},"50":{"start":{"line":90,"column":4},"end":{"line":90,"column":16}},"51":{"start":{"line":95,"column":2},"end":{"line":95,"column":54}},"52":{"start":{"line":96,"column":2},"end":{"line":96,"column":37}},"53":{"start":{"line":100,"column":2},"end":{"line":100,"column":106}},"54":{"start":{"line":101,"column":2},"end":{"line":101,"column":124}},"55":{"start":{"line":102,"column":2},"end":{"line":102,"column":59}},"56":{"start":{"line":103,"column":2},"end":{"line":103,"column":65}},"57":{"start":{"line":104,"column":21},"end":{"line":104,"column":58}},"58":{"start":{"line":105,"column":2},"end":{"line":105,"column":37}},"59":{"start":{"line":106,"column":2},"end":{"line":106,"column":57}},"60":{"start":{"line":107,"column":2},"end":{"line":107,"column":89}},"61":{"start":{"line":108,"column":2},"end":{"line":108,"column":47}},"62":{"start":{"line":109,"column":2},"end":{"line":109,"column":37}},"63":{"start":{"line":110,"column":2},"end":{"line":114,"column":3}},"64":{"start":{"line":111,"column":18},"end":{"line":111,"column":59}},"65":{"start":{"line":112,"column":4},"end":{"line":112,"column":23}},"66":{"start":{"line":113,"column":4},"end":{"line":113,"column":16}},"67":{"start":{"line":118,"column":2},"end":{"line":118,"column":38}},"68":{"start":{"line":119,"column":2},"end":{"line":119,"column":48}},"69":{"start":{"line":120,"column":2},"end":{"line":120,"column":47}},"70":{"start":{"line":124,"column":2},"end":{"line":124,"column":38}},"71":{"start":{"line":125,"column":2},"end":{"line":125,"column":48}},"72":{"start":{"line":126,"column":2},"end":{"line":126,"column":47}},"73":{"start":{"line":130,"column":2},"end":{"line":130,"column":106}},"74":{"start":{"line":131,"column":2},"end":{"line":131,"column":78}},"75":{"start":{"line":132,"column":2},"end":{"line":132,"column":59}},"76":{"start":{"line":133,"column":2},"end":{"line":133,"column":65}},"77":{"start":{"line":134,"column":21},"end":{"line":134,"column":58}},"78":{"start":{"line":135,"column":2},"end":{"line":135,"column":37}},"79":{"start":{"line":136,"column":2},"end":{"line":136,"column":57}},"80":{"start":{"line":137,"column":2},"end":{"line":139,"column":3}},"81":{"start":{"line":138,"column":4},"end":{"line":138,"column":91}},"82":{"start":{"line":140,"column":2},"end":{"line":140,"column":47}},"83":{"start":{"line":141,"column":2},"end":{"line":141,"column":59}},"84":{"start":{"line":141,"column":24},"end":{"line":141,"column":59}},"85":{"start":{"line":145,"column":2},"end":{"line":145,"column":85}},"86":{"start":{"line":146,"column":2},"end":{"line":146,"column":68}},"87":{"start":{"line":150,"column":2},"end":{"line":150,"column":101}},"88":{"start":{"line":151,"column":2},"end":{"line":151,"column":68}},"89":{"start":{"line":155,"column":2},"end":{"line":155,"column":80}},"90":{"start":{"line":156,"column":2},"end":{"line":156,"column":78}},"91":{"start":{"line":160,"column":2},"end":{"line":160,"column":67}},"92":{"start":{"line":161,"column":2},"end":{"line":161,"column":50}},"93":{"start":{"line":165,"column":2},"end":{"line":165,"column":102}},"94":{"start":{"line":166,"column":2},"end":{"line":175,"column":5}},"95":{"start":{"line":177,"column":2},"end":{"line":181,"column":3}},"96":{"start":{"line":178,"column":18},"end":{"line":178,"column":84}},"97":{"start":{"line":179,"column":4},"end":{"line":179,"column":23}},"98":{"start":{"line":180,"column":4},"end":{"line":180,"column":16}},"99":{"start":{"line":184,"column":0},"end":{"line":198,"column":2}}},"fnMap":{"0":{"name":"requireFields","decl":{"start":{"line":4,"column":9},"end":{"line":4,"column":22}},"loc":{"start":{"line":4,"column":40},"end":{"line":13,"column":1}},"line":4},"1":{"name":"(anonymous_1)","decl":{"start":{"line":6,"column":4},"end":{"line":6,"column":5}},"loc":{"start":{"line":6,"column":15},"end":{"line":6,"column":95}},"line":6},"2":{"name":"cleanString","decl":{"start":{"line":15,"column":9},"end":{"line":15,"column":20}},"loc":{"start":{"line":15,"column":45},"end":{"line":18,"column":1}},"line":15},"3":{"name":"sanitizePayload","decl":{"start":{"line":20,"column":9},"end":{"line":20,"column":24}},"loc":{"start":{"line":20,"column":47},"end":{"line":27,"column":1}},"line":20},"4":{"name":"validateEmail","decl":{"start":{"line":29,"column":9},"end":{"line":29,"column":22}},"loc":{"start":{"line":29,"column":30},"end":{"line":39,"column":1}},"line":29},"5":{"name":"validateName","decl":{"start":{"line":41,"column":9},"end":{"line":41,"column":21}},"loc":{"start":{"line":41,"column":40},"end":{"line":50,"column":1}},"line":41},"6":{"name":"validateInstitutionalCode","decl":{"start":{"line":52,"column":9},"end":{"line":52,"column":34}},"loc":{"start":{"line":52,"column":42},"end":{"line":61,"column":1}},"line":52},"7":{"name":"validateCedulaPayload","decl":{"start":{"line":63,"column":9},"end":{"line":63,"column":30}},"loc":{"start":{"line":63,"column":38},"end":{"line":75,"column":1}},"line":63},"8":{"name":"validatePassword","decl":{"start":{"line":77,"column":9},"end":{"line":77,"column":25}},"loc":{"start":{"line":77,"column":36},"end":{"line":92,"column":1}},"line":77},"9":{"name":"(anonymous_9)","decl":{"start":{"line":85,"column":31},"end":{"line":85,"column":32}},"loc":{"start":{"line":85,"column":41},"end":{"line":85,"column":49}},"line":85},"10":{"name":"(anonymous_10)","decl":{"start":{"line":85,"column":55},"end":{"line":85,"column":56}},"loc":{"start":{"line":85,"column":65},"end":{"line":85,"column":77}},"line":85},"11":{"name":"validateRolePayload","decl":{"start":{"line":94,"column":9},"end":{"line":94,"column":28}},"loc":{"start":{"line":94,"column":38},"end":{"line":97,"column":1}},"line":94},"12":{"name":"validateAuthRegisterPayload","decl":{"start":{"line":99,"column":9},"end":{"line":99,"column":36}},"loc":{"start":{"line":99,"column":46},"end":{"line":115,"column":1}},"line":99},"13":{"name":"validateAuthLoginPayload","decl":{"start":{"line":117,"column":9},"end":{"line":117,"column":33}},"loc":{"start":{"line":117,"column":43},"end":{"line":121,"column":1}},"line":117},"14":{"name":"validateAdminLoginPayload","decl":{"start":{"line":123,"column":9},"end":{"line":123,"column":34}},"loc":{"start":{"line":123,"column":44},"end":{"line":127,"column":1}},"line":123},"15":{"name":"validateUsuarioPayload","decl":{"start":{"line":129,"column":9},"end":{"line":129,"column":31}},"loc":{"start":{"line":129,"column":41},"end":{"line":142,"column":1}},"line":129},"16":{"name":"validateEspacioPayload","decl":{"start":{"line":144,"column":9},"end":{"line":144,"column":31}},"loc":{"start":{"line":144,"column":41},"end":{"line":147,"column":1}},"line":144},"17":{"name":"validateRecursoPayload","decl":{"start":{"line":149,"column":9},"end":{"line":149,"column":31}},"loc":{"start":{"line":149,"column":41},"end":{"line":152,"column":1}},"line":149},"18":{"name":"validateHorarioPayload","decl":{"start":{"line":154,"column":9},"end":{"line":154,"column":31}},"loc":{"start":{"line":154,"column":41},"end":{"line":157,"column":1}},"line":154},"19":{"name":"validateEstadoPayload","decl":{"start":{"line":159,"column":9},"end":{"line":159,"column":30}},"loc":{"start":{"line":159,"column":40},"end":{"line":162,"column":1}},"line":159},"20":{"name":"validateReservaPayload","decl":{"start":{"line":164,"column":9},"end":{"line":164,"column":31}},"loc":{"start":{"line":164,"column":41},"end":{"line":182,"column":1}},"line":164}},"branchMap":{"0":{"loc":{"start":{"line":6,"column":15},"end":{"line":6,"column":95}},"type":"binary-expr","locations":[{"start":{"line":6,"column":15},"end":{"line":6,"column":43}},{"start":{"line":6,"column":47},"end":{"line":6,"column":70}},{"start":{"line":6,"column":74},"end":{"line":6,"column":95}}],"line":6},"1":{"loc":{"start":{"line":8,"column":2},"end":{"line":12,"column":3}},"type":"if","locations":[{"start":{"line":8,"column":2},"end":{"line":12,"column":3}},{"start":{},"end":{}}],"line":8},"2":{"loc":{"start":{"line":15,"column":28},"end":{"line":15,"column":43}},"type":"default-arg","locations":[{"start":{"line":15,"column":40},"end":{"line":15,"column":43}}],"line":15},"3":{"loc":{"start":{"line":16,"column":2},"end":{"line":16,"column":58}},"type":"if","locations":[{"start":{"line":16,"column":2},"end":{"line":16,"column":58}},{"start":{},"end":{}}],"line":16},"4":{"loc":{"start":{"line":16,"column":6},"end":{"line":16,"column":43}},"type":"binary-expr","locations":[{"start":{"line":16,"column":6},"end":{"line":16,"column":25}},{"start":{"line":16,"column":29},"end":{"line":16,"column":43}}],"line":16},"5":{"loc":{"start":{"line":20,"column":34},"end":{"line":20,"column":45}},"type":"default-arg","locations":[{"start":{"line":20,"column":43},"end":{"line":20,"column":45}}],"line":20},"6":{"loc":{"start":{"line":22,"column":4},"end":{"line":24,"column":5}},"type":"if","locations":[{"start":{"line":22,"column":4},"end":{"line":24,"column":5}},{"start":{},"end":{}}],"line":22},"7":{"loc":{"start":{"line":22,"column":8},"end":{"line":22,"column":63}},"type":"binary-expr","locations":[{"start":{"line":22,"column":8},"end":{"line":22,"column":36}},{"start":{"line":22,"column":40},"end":{"line":22,"column":63}}],"line":22},"8":{"loc":{"start":{"line":31,"column":16},"end":{"line":32,"column":54}},"type":"binary-expr","locations":[{"start":{"line":31,"column":16},"end":{"line":31,"column":76}},{"start":{"line":32,"column":7},"end":{"line":32,"column":54}}],"line":31},"9":{"loc":{"start":{"line":33,"column":2},"end":{"line":37,"column":3}},"type":"if","locations":[{"start":{"line":33,"column":2},"end":{"line":37,"column":3}},{"start":{},"end":{}}],"line":33},"10":{"loc":{"start":{"line":44,"column":2},"end":{"line":48,"column":3}},"type":"if","locations":[{"start":{"line":44,"column":2},"end":{"line":48,"column":3}},{"start":{},"end":{}}],"line":44},"11":{"loc":{"start":{"line":55,"column":2},"end":{"line":59,"column":3}},"type":"if","locations":[{"start":{"line":55,"column":2},"end":{"line":59,"column":3}},{"start":{},"end":{}}],"line":55},"12":{"loc":{"start":{"line":66,"column":2},"end":{"line":70,"column":3}},"type":"if","locations":[{"start":{"line":66,"column":2},"end":{"line":70,"column":3}},{"start":{},"end":{}}],"line":66},"13":{"loc":{"start":{"line":79,"column":10},"end":{"line":79,"column":62}},"type":"binary-expr","locations":[{"start":{"line":79,"column":10},"end":{"line":79,"column":38}},{"start":{"line":79,"column":42},"end":{"line":79,"column":62}}],"line":79},"14":{"loc":{"start":{"line":80,"column":23},"end":{"line":80,"column":37}},"type":"binary-expr","locations":[{"start":{"line":80,"column":23},"end":{"line":80,"column":31}},{"start":{"line":80,"column":35},"end":{"line":80,"column":37}}],"line":80},"15":{"loc":{"start":{"line":81,"column":23},"end":{"line":81,"column":37}},"type":"binary-expr","locations":[{"start":{"line":81,"column":23},"end":{"line":81,"column":31}},{"start":{"line":81,"column":35},"end":{"line":81,"column":37}}],"line":81},"16":{"loc":{"start":{"line":82,"column":23},"end":{"line":82,"column":37}},"type":"binary-expr","locations":[{"start":{"line":82,"column":23},"end":{"line":82,"column":31}},{"start":{"line":82,"column":35},"end":{"line":82,"column":37}}],"line":82},"17":{"loc":{"start":{"line":83,"column":30},"end":{"line":83,"column":44}},"type":"binary-expr","locations":[{"start":{"line":83,"column":30},"end":{"line":83,"column":38}},{"start":{"line":83,"column":42},"end":{"line":83,"column":44}}],"line":83},"18":{"loc":{"start":{"line":87,"column":2},"end":{"line":91,"column":3}},"type":"if","locations":[{"start":{"line":87,"column":2},"end":{"line":91,"column":3}},{"start":{},"end":{}}],"line":87},"19":{"loc":{"start":{"line":110,"column":2},"end":{"line":114,"column":3}},"type":"if","locations":[{"start":{"line":110,"column":2},"end":{"line":114,"column":3}},{"start":{},"end":{}}],"line":110},"20":{"loc":{"start":{"line":137,"column":2},"end":{"line":139,"column":3}},"type":"if","locations":[{"start":{"line":137,"column":2},"end":{"line":139,"column":3}},{"start":{},"end":{}}],"line":137},"21":{"loc":{"start":{"line":141,"column":2},"end":{"line":141,"column":59}},"type":"if","locations":[{"start":{"line":141,"column":2},"end":{"line":141,"column":59}},{"start":{},"end":{}}],"line":141},"22":{"loc":{"start":{"line":177,"column":2},"end":{"line":181,"column":3}},"type":"if","locations":[{"start":{"line":177,"column":2},"end":{"line":181,"column":3}},{"start":{},"end":{}}],"line":177}},"s":{"0":10,"1":10,"2":58,"3":239,"4":58,"5":0,"6":0,"7":0,"8":268,"9":0,"10":268,"11":58,"12":207,"13":165,"14":58,"15":39,"16":39,"17":39,"18":21,"19":21,"20":21,"21":18,"22":35,"23":35,"24":33,"25":3,"26":3,"27":3,"28":30,"29":14,"30":14,"31":14,"32":0,"33":0,"34":0,"35":14,"36":15,"37":15,"38":15,"39":0,"40":0,"41":0,"42":15,"43":7,"44":7,"45":35,"46":3,"47":7,"48":1,"49":1,"50":1,"51":3,"52":3,"53":13,"54":13,"55":13,"56":8,"57":8,"58":8,"59":8,"60":8,"61":8,"62":4,"63":3,"64":1,"65":1,"66":1,"67":19,"68":19,"69":19,"70":5,"71":5,"72":5,"73":7,"74":7,"75":7,"76":7,"77":7,"78":7,"79":7,"80":7,"81":6,"82":7,"83":7,"84":3,"85":3,"86":3,"87":2,"88":2,"89":0,"90":0,"91":1,"92":1,"93":5,"94":5,"95":5,"96":0,"97":0,"98":0,"99":10},"f":{"0":58,"1":239,"2":268,"3":58,"4":39,"5":35,"6":14,"7":15,"8":7,"9":35,"10":3,"11":3,"12":13,"13":19,"14":5,"15":7,"16":3,"17":2,"18":0,"19":1,"20":5},"b":{"0":[239,239,239],"1":[0,58],"2":[165],"3":[0,268],"4":[268,268],"5":[0],"6":[165,42],"7":[207,165],"8":[39,21],"9":[21,18],"10":[3,30],"11":[0,14],"12":[0,15],"13":[7,7],"14":[7,0],"15":[7,0],"16":[7,0],"17":[7,0],"18":[1,6],"19":[1,2],"20":[6,1],"21":[3,4],"22":[0,5]},"_coverageSchema":"1a1c01bbd47fc00a2c39e90264f33305004495a9","hash":"02a66b537cffd26056ed1eab5b6df971a7a8c0df"}
}
