TN:
SF:src\config\db.js
FN:21,ensureDatabase
FN:34,testConnection
FNF:2
FNH:0
FNDA:0,ensureDatabase
FNDA:0,testConnection
DA:1,3
DA:3,3
DA:13,3
DA:15,3
DA:16,3
DA:22,0
DA:23,0
DA:24,0
DA:30,0
DA:35,0
DA:36,0
DA:37,0
DA:38,0
DA:39,0
DA:41,0
DA:45,3
LF:16
LH:6
BRDA:4,0,0,3
BRDA:4,0,1,0
BRDA:5,1,0,3
BRDA:5,1,1,0
BRDA:6,2,0,3
BRDA:6,2,1,0
BRDA:7,3,0,3
BRDA:7,3,1,0
BRDA:13,4,0,3
BRDA:13,4,1,0
BRF:10
BRH:5
end_of_record
TN:
SF:src\config\env.js
FN:23,(anonymous_0)
FNF:1
FNH:1
FNDA:6,(anonymous_0)
DA:1,6
DA:3,6
DA:4,6
DA:6,6
DA:7,0
DA:10,6
DA:11,0
DA:14,6
DA:23,6
LF:9
LH:7
BRDA:3,0,0,6
BRDA:3,0,1,0
BRDA:6,1,0,0
BRDA:6,1,1,6
BRDA:6,2,0,6
BRDA:6,2,1,6
BRDA:6,2,2,6
BRDA:10,3,0,0
BRDA:10,3,1,6
BRDA:15,4,0,6
BRDA:15,4,1,0
BRDA:18,5,0,6
BRDA:18,5,1,0
BRDA:19,6,0,6
BRDA:19,6,1,6
BRDA:20,7,0,6
BRDA:20,7,1,0
BRDA:21,8,0,6
BRDA:21,8,1,0
BRDA:21,8,2,0
BRDA:26,9,0,6
BRDA:26,9,1,0
BRDA:27,10,0,6
BRDA:27,10,1,0
BRDA:29,11,0,6
BRDA:29,11,1,0
BRDA:30,12,0,6
BRDA:30,12,1,0
BRDA:31,13,0,6
BRDA:31,13,1,0
BRDA:31,13,2,0
BRF:31
BRH:17
end_of_record
TN:
SF:src\controllers\auth.controller.js
FN:6,(anonymous_0)
FN:15,(anonymous_1)
FN:28,(anonymous_2)
FN:41,(anonymous_3)
FN:48,(anonymous_4)
FN:55,(anonymous_5)
FN:67,(anonymous_6)
FN:76,(anonymous_7)
FN:87,(anonymous_8)
FN:96,(anonymous_9)
FN:107,(anonymous_10)
FN:112,(anonymous_11)
FNF:12
FNH:5
FNDA:10,(anonymous_0)
FNDA:16,(anonymous_1)
FNDA:4,(anonymous_2)
FNDA:0,(anonymous_3)
FNDA:0,(anonymous_4)
FNDA:0,(anonymous_5)
FNDA:0,(anonymous_6)
FNDA:1,(anonymous_7)
FNDA:0,(anonymous_8)
FNDA:0,(anonymous_9)
FNDA:1,(anonymous_10)
FNDA:0,(anonymous_11)
DA:1,3
DA:2,3
DA:3,3
DA:4,3
DA:6,3
DA:7,10
DA:8,1
DA:15,3
DA:16,16
DA:21,0
DA:28,3
DA:29,4
DA:34,0
DA:41,3
DA:42,0
DA:48,3
DA:49,0
DA:55,3
DA:56,0
DA:60,0
DA:67,3
DA:68,0
DA:69,0
DA:76,3
DA:77,1
DA:81,1
DA:87,3
DA:88,0
DA:89,0
DA:96,3
DA:97,0
DA:101,0
DA:107,3
DA:108,1
DA:109,1
DA:112,3
DA:113,0
DA:114,0
DA:117,3
LF:39
LH:25
BRDA:91,0,0,0
BRDA:91,0,1,0
BRF:2
BRH:0
end_of_record
TN:
SF:src\controllers\espacios.controller.js
FN:5,list
FN:14,getById
FN:26,create
FN:35,update
FN:44,remove
FNF:5
FNH:0
FNDA:0,list
FNDA:0,getById
FNDA:0,create
FNDA:0,update
FNDA:0,remove
DA:1,3
DA:2,3
DA:3,3
DA:6,0
DA:7,0
DA:8,0
DA:10,0
DA:15,0
DA:16,0
DA:17,0
DA:18,0
DA:20,0
DA:22,0
DA:27,0
DA:28,0
DA:29,0
DA:31,0
DA:36,0
DA:37,0
DA:38,0
DA:40,0
DA:45,0
DA:46,0
DA:47,0
DA:49,0
DA:53,3
LF:26
LH:4
BRDA:17,0,0,0
BRDA:17,0,1,0
BRF:2
BRH:0
end_of_record
TN:
SF:src\controllers\estados.controller.js
FN:4,list
FN:14,getById
FN:26,create
FN:35,update
FN:44,remove
FNF:5
FNH:0
FNDA:0,list
FNDA:0,getById
FNDA:0,create
FNDA:0,update
FNDA:0,remove
DA:1,3
DA:2,3
DA:5,0
DA:6,0
DA:7,0
DA:8,0
DA:10,0
DA:15,0
DA:16,0
DA:17,0
DA:18,0
DA:20,0
DA:22,0
DA:27,0
DA:28,0
DA:29,0
DA:31,0
DA:36,0
DA:37,0
DA:38,0
DA:40,0
DA:45,0
DA:46,0
DA:47,0
DA:49,0
DA:53,3
LF:26
LH:3
BRDA:7,0,0,0
BRDA:7,0,1,0
BRDA:17,1,0,0
BRDA:17,1,1,0
BRF:4
BRH:0
end_of_record
TN:
SF:src\controllers\historial.controller.js
FN:3,list
FN:12,listByReservaId
FN:21,listMine
FNF:3
FNH:0
FNDA:0,list
FNDA:0,listByReservaId
FNDA:0,listMine
DA:1,3
DA:4,0
DA:5,0
DA:6,0
DA:8,0
DA:13,0
DA:14,0
DA:15,0
DA:17,0
DA:22,0
DA:23,0
DA:24,0
DA:26,0
DA:30,3
LF:14
LH:2
BRF:0
BRH:0
end_of_record
TN:
SF:src\controllers\horarios.controller.js
FN:3,list
FN:12,getById
FN:24,create
FN:33,update
FN:42,remove
FNF:5
FNH:0
FNDA:0,list
FNDA:0,getById
FNDA:0,create
FNDA:0,update
FNDA:0,remove
DA:1,3
DA:4,0
DA:5,0
DA:6,0
DA:8,0
DA:13,0
DA:14,0
DA:15,0
DA:16,0
DA:18,0
DA:20,0
DA:25,0
DA:26,0
DA:27,0
DA:29,0
DA:34,0
DA:35,0
DA:36,0
DA:38,0
DA:43,0
DA:44,0
DA:45,0
DA:47,0
DA:51,3
LF:24
LH:2
BRDA:15,0,0,0
BRDA:15,0,1,0
BRF:2
BRH:0
end_of_record
TN:
SF:src\controllers\recursos.controller.js
FN:5,list
FN:14,getById
FN:26,create
FN:35,update
FN:44,remove
FNF:5
FNH:0
FNDA:0,list
FNDA:0,getById
FNDA:0,create
FNDA:0,update
FNDA:0,remove
DA:1,3
DA:2,3
DA:3,3
DA:6,0
DA:7,0
DA:8,0
DA:10,0
DA:15,0
DA:16,0
DA:17,0
DA:18,0
DA:20,0
DA:22,0
DA:27,0
DA:28,0
DA:29,0
DA:31,0
DA:36,0
DA:37,0
DA:38,0
DA:40,0
DA:45,0
DA:46,0
DA:47,0
DA:49,0
DA:53,3
LF:26
LH:4
BRDA:17,0,0,0
BRDA:17,0,1,0
BRF:2
BRH:0
end_of_record
TN:
SF:src\controllers\reservas.controller.js
FN:4,list
FN:13,listMine
FN:22,disponibilidad
FN:31,getById
FN:43,create
FN:55,update
FN:67,remove
FN:77,aprobar
FN:86,rechazar
FN:95,cancelar
FNF:10
FNH:0
FNDA:0,list
FNDA:0,listMine
FNDA:0,disponibilidad
FNDA:0,getById
FNDA:0,create
FNDA:0,update
FNDA:0,remove
FNDA:0,aprobar
FNDA:0,rechazar
FNDA:0,cancelar
DA:1,3
DA:2,3
DA:5,0
DA:6,0
DA:7,0
DA:9,0
DA:14,0
DA:15,0
DA:16,0
DA:18,0
DA:23,0
DA:24,0
DA:25,0
DA:27,0
DA:32,0
DA:33,0
DA:34,0
DA:35,0
DA:37,0
DA:39,0
DA:44,0
DA:45,0
DA:46,0
DA:49,0
DA:51,0
DA:56,0
DA:57,0
DA:58,0
DA:61,0
DA:63,0
DA:68,0
DA:69,0
DA:70,0
DA:71,0
DA:73,0
DA:78,0
DA:79,0
DA:80,0
DA:82,0
DA:87,0
DA:88,0
DA:89,0
DA:91,0
DA:96,0
DA:97,0
DA:100,0
DA:102,0
DA:106,3
LF:48
LH:3
BRDA:34,0,0,0
BRDA:34,0,1,0
BRDA:46,1,0,0
BRDA:46,1,1,0
BRDA:58,2,0,0
BRDA:58,2,1,0
BRDA:97,3,0,0
BRDA:97,3,1,0
BRF:8
BRH:0
end_of_record
TN:
SF:src\controllers\roles.controller.js
FN:4,list
FN:13,getById
FN:25,create
FN:34,update
FN:43,remove
FNF:5
FNH:0
FNDA:0,list
FNDA:0,getById
FNDA:0,create
FNDA:0,update
FNDA:0,remove
DA:1,3
DA:2,3
DA:5,0
DA:6,0
DA:7,0
DA:9,0
DA:14,0
DA:15,0
DA:16,0
DA:17,0
DA:19,0
DA:21,0
DA:26,0
DA:27,0
DA:28,0
DA:30,0
DA:35,0
DA:36,0
DA:37,0
DA:39,0
DA:44,0
DA:45,0
DA:46,0
DA:48,0
DA:52,3
LF:25
LH:3
BRDA:16,0,0,0
BRDA:16,0,1,0
BRF:2
BRH:0
end_of_record
TN:
SF:src\controllers\usuarios.controller.js
FN:5,list
FN:14,getById
FN:26,create
FN:35,update
FN:44,remove
FNF:5
FNH:0
FNDA:0,list
FNDA:0,getById
FNDA:0,create
FNDA:0,update
FNDA:0,remove
DA:1,3
DA:2,3
DA:3,3
DA:6,0
DA:7,0
DA:8,0
DA:10,0
DA:15,0
DA:16,0
DA:17,0
DA:18,0
DA:20,0
DA:22,0
DA:27,0
DA:28,0
DA:29,0
DA:31,0
DA:36,0
DA:37,0
DA:38,0
DA:40,0
DA:45,0
DA:46,0
DA:47,0
DA:49,0
DA:53,3
LF:26
LH:4
BRDA:17,0,0,0
BRDA:17,0,1,0
BRF:2
BRH:0
end_of_record
TN:
SF:src\middlewares\auth.middleware.js
FN:4,authMiddleware
FNF:1
FNH:0
FNDA:0,authMiddleware
DA:1,3
DA:2,3
DA:5,0
DA:7,0
DA:8,0
DA:14,0
DA:15,0
DA:16,0
DA:17,0
DA:23,0
DA:24,0
DA:25,0
DA:31,0
DA:32,0
DA:34,0
DA:41,3
LF:16
LH:3
BRDA:7,0,0,0
BRDA:7,0,1,0
BRDA:7,1,0,0
BRDA:7,1,1,0
BRDA:16,2,0,0
BRDA:16,2,1,0
BRDA:16,3,0,0
BRDA:16,3,1,0
BRDA:24,4,0,0
BRDA:24,4,1,0
BRDA:24,5,0,0
BRDA:24,5,1,0
BRF:12
BRH:0
end_of_record
TN:
SF:src\middlewares\error.middleware.js
FN:1,notFoundHandler
FN:8,errorHandler
FNF:2
FNH:1
FNDA:0,notFoundHandler
FNDA:29,errorHandler
DA:2,0
DA:9,29
DA:10,29
DA:12,29
DA:13,29
DA:16,29
DA:24,3
LF:7
LH:6
BRDA:9,0,0,29
BRDA:9,0,1,0
BRDA:12,1,0,29
BRDA:12,1,1,0
BRDA:12,2,0,29
BRDA:12,2,1,0
BRDA:18,3,0,0
BRDA:18,3,1,29
BRDA:18,4,0,29
BRDA:18,4,1,0
BRDA:20,5,0,29
BRDA:20,5,1,0
BRF:12
BRH:6
end_of_record
TN:
SF:src\middlewares\rate-limit.middleware.js
FNF:0
FNH:0
DA:1,3
DA:3,3
DA:14,3
DA:25,3
DA:36,3
DA:47,3
LF:6
LH:6
BRF:0
BRH:0
end_of_record
TN:
SF:src\middlewares\role.middleware.js
FN:1,roleMiddleware
FN:2,(anonymous_1)
FNF:2
FNH:1
FNDA:129,roleMiddleware
FNDA:0,(anonymous_1)
DA:2,129
DA:3,0
DA:4,0
DA:5,0
DA:11,0
DA:15,3
LF:6
LH:2
BRDA:3,0,0,0
BRDA:3,0,1,0
BRDA:3,0,2,0
BRDA:4,1,0,0
BRDA:4,1,1,0
BRDA:4,2,0,0
BRDA:4,2,1,0
BRF:7
BRH:0
end_of_record
TN:
SF:src\models\auditoria.model.js
FN:3,create
FN:21,findPaginated
FNF:2
FNH:0
FNDA:0,create
FNDA:0,findPaginated
DA:1,1
DA:4,0
DA:18,0
DA:22,0
DA:31,0
DA:32,0
DA:35,1
LF:7
LH:2
BRDA:9,0,0,0
BRDA:9,0,1,0
BRDA:12,1,0,0
BRDA:12,1,1,0
BRDA:13,2,0,0
BRDA:13,2,1,0
BRDA:14,3,0,0
BRDA:14,3,1,0
BRDA:15,4,0,0
BRDA:15,4,1,0
BRF:10
BRH:0
end_of_record
TN:
SF:src\models\espacios.model.js
FN:3,findAll
FN:15,findPaginated
FN:30,findById
FN:43,findByCodigo
FN:51,create
FN:68,update
FN:87,remove
FNF:7
FNH:0
FNDA:0,findAll
FNDA:0,findPaginated
FNDA:0,findById
FNDA:0,findByCodigo
FNDA:0,create
FNDA:0,update
FNDA:0,remove
DA:1,1
DA:4,0
DA:12,0
DA:16,0
DA:26,0
DA:27,0
DA:31,0
DA:40,0
DA:44,0
DA:48,0
DA:52,0
DA:65,0
DA:69,0
DA:84,0
DA:88,0
DA:89,0
DA:92,1
LF:17
LH:2
BRDA:40,0,0,0
BRDA:40,0,1,0
BRDA:48,1,0,0
BRDA:48,1,1,0
BRDA:60,2,0,0
BRDA:60,2,1,0
BRDA:61,3,0,0
BRDA:61,3,1,0
BRDA:62,4,0,0
BRDA:62,4,1,0
BRDA:78,5,0,0
BRDA:78,5,1,0
BRDA:79,6,0,0
BRDA:79,6,1,0
BRDA:80,7,0,0
BRDA:80,7,1,0
BRF:16
BRH:0
end_of_record
TN:
SF:src\models\estados.model.js
FN:3,findAll
FN:10,findByCategory
FN:18,findByName
FN:26,findById
FN:34,findByCategoryAndName
FN:42,create
FN:50,update
FN:58,remove
FNF:8
FNH:0
FNDA:0,findAll
FNDA:0,findByCategory
FNDA:0,findByName
FNDA:0,findById
FNDA:0,findByCategoryAndName
FNDA:0,create
FNDA:0,update
FNDA:0,remove
DA:1,1
DA:4,0
DA:7,0
DA:11,0
DA:15,0
DA:19,0
DA:23,0
DA:27,0
DA:31,0
DA:35,0
DA:39,0
DA:43,0
DA:47,0
DA:51,0
DA:55,0
DA:59,0
DA:60,0
DA:63,1
LF:18
LH:2
BRDA:23,0,0,0
BRDA:23,0,1,0
BRDA:31,1,0,0
BRDA:31,1,1,0
BRDA:39,2,0,0
BRDA:39,2,1,0
BRDA:45,3,0,0
BRDA:45,3,1,0
BRDA:45,4,0,0
BRDA:45,4,1,0
BRDA:53,5,0,0
BRDA:53,5,1,0
BRDA:53,6,0,0
BRDA:53,6,1,0
BRF:14
BRH:0
end_of_record
TN:
SF:src\models\historial.model.js
FN:3,findAll
FN:26,findByReservaId
FN:48,findByUserId
FN:73,create
FNF:4
FNH:0
FNDA:0,findAll
FNDA:0,findByReservaId
FNDA:0,findByUserId
FNDA:0,create
DA:1,1
DA:4,0
DA:23,0
DA:27,0
DA:45,0
DA:49,0
DA:70,0
DA:74,0
DA:87,0
DA:90,1
LF:10
LH:2
BRDA:81,0,0,0
BRDA:81,0,1,0
BRDA:84,1,0,0
BRDA:84,1,1,0
BRF:4
BRH:0
end_of_record
TN:
SF:src\models\horarios.model.js
FN:3,findAll
FN:10,findById
FN:18,create
FN:33,update
FN:50,remove
FNF:5
FNH:0
FNDA:0,findAll
FNDA:0,findById
FNDA:0,create
FNDA:0,update
FNDA:0,remove
DA:1,1
DA:4,0
DA:7,0
DA:11,0
DA:15,0
DA:19,0
DA:30,0
DA:34,0
DA:47,0
DA:51,0
DA:52,0
DA:55,1
LF:12
LH:2
BRDA:15,0,0,0
BRDA:15,0,1,0
BRDA:27,1,0,0
BRDA:27,1,1,0
BRDA:43,2,0,0
BRDA:43,2,1,0
BRF:6
BRH:0
end_of_record
TN:
SF:src\models\index.js
FNF:0
FNH:0
DA:1,1
LF:1
LH:1
BRF:0
BRH:0
end_of_record
TN:
SF:src\models\institutional-code-sequences.model.js
FNF:0
FNH:0
DA:1,1
DA:3,1
LF:2
LH:2
BRF:0
BRH:0
end_of_record
TN:
SF:src\models\institutional-codes.model.js
FN:3,create
FN:21,findLatestActiveByEmail
FN:36,findLatestActiveByEmailAndRole
FN:52,markUsed
FN:56,invalidateActiveByEmail
FN:65,invalidateActiveByEmailAndRole
FN:74,incrementAttempts
FNF:7
FNH:0
FNDA:0,create
FNDA:0,findLatestActiveByEmail
FNDA:0,findLatestActiveByEmailAndRole
FNDA:0,markUsed
FNDA:0,invalidateActiveByEmail
FNDA:0,invalidateActiveByEmailAndRole
FNDA:0,incrementAttempts
DA:1,1
DA:4,0
DA:18,0
DA:22,0
DA:33,0
DA:37,0
DA:49,0
DA:53,0
DA:57,0
DA:66,0
DA:75,0
DA:78,1
LF:12
LH:2
BRDA:14,0,0,0
BRDA:14,0,1,0
BRDA:15,1,0,0
BRDA:15,1,1,0
BRDA:21,2,0,0
BRDA:33,3,0,0
BRDA:33,3,1,0
BRDA:36,4,0,0
BRDA:49,5,0,0
BRDA:49,5,1,0
BRDA:56,6,0,0
BRDA:65,7,0,0
BRF:12
BRH:0
end_of_record
TN:
SF:src\models\login-attempts.model.js
FN:3,create
FN:22,countRecentFailures
FNF:2
FNH:0
FNDA:0,create
FNDA:0,countRecentFailures
DA:1,1
DA:4,0
DA:5,0
DA:19,0
DA:23,0
DA:24,0
DA:33,0
DA:36,1
LF:8
LH:2
BRDA:4,0,0,0
BRDA:4,0,1,0
BRDA:10,1,0,0
BRDA:10,1,1,0
BRDA:12,2,0,0
BRDA:12,2,1,0
BRDA:13,3,0,0
BRDA:13,3,1,0
BRDA:14,4,0,0
BRDA:14,4,1,0
BRDA:15,5,0,0
BRDA:15,5,1,0
BRDA:16,6,0,0
BRDA:16,6,1,0
BRDA:23,7,0,0
BRDA:23,7,1,0
BRDA:31,8,0,0
BRDA:31,8,1,0
BRDA:31,9,0,0
BRDA:31,9,1,0
BRDA:33,10,0,0
BRDA:33,10,1,0
BRF:22
BRH:0
end_of_record
TN:
SF:src\models\password-resets.model.js
FN:3,create
FN:18,findLatestActive
FN:32,findActiveByTokenHash
FN:46,invalidateByUserId
FN:55,markUsed
FNF:5
FNH:0
FNDA:0,create
FNDA:0,findLatestActive
FNDA:0,findActiveByTokenHash
FNDA:0,invalidateByUserId
FNDA:0,markUsed
DA:1,1
DA:4,0
DA:15,0
DA:19,0
DA:29,0
DA:33,0
DA:43,0
DA:47,0
DA:56,0
DA:59,1
LF:10
LH:2
BRDA:10,0,0,0
BRDA:10,0,1,0
BRDA:11,1,0,0
BRDA:11,1,1,0
BRDA:12,2,0,0
BRDA:12,2,1,0
BRDA:29,3,0,0
BRDA:29,3,1,0
BRDA:43,4,0,0
BRDA:43,4,1,0
BRF:10
BRH:0
end_of_record
TN:
SF:src\models\recursos.model.js
FN:3,findAll
FN:17,findPaginated
FN:34,findById
FN:49,findByCodigo
FN:57,create
FN:77,update
FN:98,remove
FNF:7
FNH:0
FNDA:0,findAll
FNDA:0,findPaginated
FNDA:0,findById
FNDA:0,findByCodigo
FNDA:0,create
FNDA:0,update
FNDA:0,remove
DA:1,1
DA:4,0
DA:14,0
DA:18,0
DA:30,0
DA:31,0
DA:35,0
DA:46,0
DA:50,0
DA:54,0
DA:58,0
DA:74,0
DA:78,0
DA:95,0
DA:99,0
DA:100,0
DA:103,1
LF:17
LH:2
BRDA:46,0,0,0
BRDA:46,0,1,0
BRDA:54,1,0,0
BRDA:54,1,1,0
BRDA:63,2,0,0
BRDA:63,2,1,0
BRDA:68,3,0,0
BRDA:68,3,1,0
BRDA:69,4,0,0
BRDA:69,4,1,0
BRDA:70,5,0,0
BRDA:70,5,1,0
BRDA:71,6,0,0
BRDA:71,6,1,0
BRDA:83,7,0,0
BRDA:83,7,1,0
BRDA:88,8,0,0
BRDA:88,8,1,0
BRDA:89,9,0,0
BRDA:89,9,1,0
BRDA:90,10,0,0
BRDA:90,10,1,0
BRDA:91,11,0,0
BRDA:91,11,1,0
BRF:24
BRH:0
end_of_record
TN:
SF:src\models\reservas.model.js
FN:3,findAll
FN:21,findPaginated
FN:42,findById
FN:61,findByUserId
FN:81,findByUserIdPaginated
FN:103,findConflictingReservation
FN:127,create
FN:147,update
FN:167,remove
FNF:9
FNH:0
FNDA:0,findAll
FNDA:0,findPaginated
FNDA:0,findById
FNDA:0,findByUserId
FNDA:0,findByUserIdPaginated
FNDA:0,findConflictingReservation
FNDA:0,create
FNDA:0,update
FNDA:0,remove
DA:1,1
DA:4,0
DA:18,0
DA:22,0
DA:38,0
DA:39,0
DA:43,0
DA:58,0
DA:62,0
DA:78,0
DA:82,0
DA:99,0
DA:100,0
DA:104,0
DA:116,0
DA:118,0
DA:119,0
DA:120,0
DA:123,0
DA:124,0
DA:128,0
DA:144,0
DA:148,0
DA:168,0
DA:169,0
DA:172,1
LF:26
LH:2
BRDA:58,0,0,0
BRDA:58,0,1,0
BRDA:103,1,0,0
BRDA:118,2,0,0
BRDA:118,2,1,0
BRDA:124,3,0,0
BRDA:124,3,1,0
BRDA:141,4,0,0
BRDA:141,4,1,0
BRDA:161,5,0,0
BRDA:161,5,1,0
BRF:11
BRH:0
end_of_record
TN:
SF:src\models\roles.model.js
FN:3,findAll
FN:8,findById
FN:13,findByName
FN:18,create
FN:26,update
FN:35,remove
FNF:6
FNH:0
FNDA:0,findAll
FNDA:0,findById
FNDA:0,findByName
FNDA:0,create
FNDA:0,update
FNDA:0,remove
DA:1,1
DA:4,0
DA:5,0
DA:9,0
DA:10,0
DA:14,0
DA:15,0
DA:19,0
DA:23,0
DA:27,0
DA:32,0
DA:36,0
DA:37,0
DA:40,1
LF:14
LH:2
BRDA:10,0,0,0
BRDA:10,0,1,0
BRDA:15,1,0,0
BRDA:15,1,1,0
BRDA:21,2,0,0
BRDA:21,2,1,0
BRDA:29,3,0,0
BRDA:29,3,1,0
BRF:8
BRH:0
end_of_record
TN:
SF:src\models\two-factor-codes.model.js
FN:3,create
FN:12,findLatestActive
FN:27,markUsed
FN:31,invalidateActive
FNF:4
FNH:0
FNDA:0,create
FNDA:0,findLatestActive
FNDA:0,markUsed
FNDA:0,invalidateActive
DA:1,1
DA:4,0
DA:9,0
DA:13,0
DA:24,0
DA:28,0
DA:32,0
DA:40,1
LF:8
LH:2
BRDA:7,0,0,0
BRDA:7,0,1,0
BRDA:7,1,0,0
BRDA:7,1,1,0
BRDA:12,2,0,0
BRDA:24,3,0,0
BRDA:24,3,1,0
BRDA:31,4,0,0
BRF:8
BRH:0
end_of_record
TN:
SF:src\models\usuarios.model.js
FN:3,findAll
FN:17,findPaginated
FN:34,findById
FN:48,findByEmail
FN:62,findByCedula
FN:67,findByCodigoInstitucional
FN:72,create
FN:93,update
FN:114,updatePassword
FN:118,remove
FNF:10
FNH:0
FNDA:0,findAll
FNDA:0,findPaginated
FNDA:0,findById
FNDA:0,findByEmail
FNDA:0,findByCedula
FNDA:0,findByCodigoInstitucional
FNDA:0,create
FNDA:0,update
FNDA:0,updatePassword
FNDA:0,remove
DA:1,1
DA:4,0
DA:14,0
DA:18,0
DA:30,0
DA:31,0
DA:35,0
DA:45,0
DA:49,0
DA:59,0
DA:63,0
DA:64,0
DA:68,0
DA:69,0
DA:73,0
DA:90,0
DA:94,0
DA:111,0
DA:115,0
DA:119,0
DA:120,0
DA:123,1
LF:22
LH:2
BRDA:45,0,0,0
BRDA:45,0,1,0
BRDA:59,1,0,0
BRDA:59,1,1,0
BRDA:64,2,0,0
BRDA:64,2,1,0
BRDA:69,3,0,0
BRDA:69,3,1,0
BRDA:86,4,0,0
BRDA:86,4,1,0
BRDA:87,5,0,0
BRDA:87,5,1,0
BRDA:106,6,0,0
BRDA:106,6,1,0
BRDA:107,7,0,0
BRDA:107,7,1,0
BRF:16
BRH:0
end_of_record
TN:
SF:src\routes\auth.routes.js
FNF:0
FNH:0
DA:1,3
DA:2,3
DA:3,3
DA:4,3
DA:6,3
DA:7,3
DA:8,3
DA:9,3
DA:10,3
DA:11,3
DA:12,3
DA:13,3
DA:14,3
DA:15,3
DA:16,3
DA:17,3
DA:19,3
LF:17
LH:17
BRF:0
BRH:0
end_of_record
TN:
SF:src\routes\espacios.routes.js
FNF:0
FNH:0
DA:1,3
DA:2,3
DA:3,3
DA:4,3
DA:6,3
DA:7,3
DA:8,3
DA:9,3
DA:10,3
DA:12,3
LF:10
LH:10
BRF:0
BRH:0
end_of_record
TN:
SF:src\routes\estados.routes.js
FNF:0
FNH:0
DA:1,3
DA:2,3
DA:3,3
DA:4,3
DA:6,3
DA:7,3
DA:8,3
DA:9,3
DA:10,3
DA:12,3
LF:10
LH:10
BRF:0
BRH:0
end_of_record
TN:
SF:src\routes\historial.routes.js
FNF:0
FNH:0
DA:1,3
DA:2,3
DA:3,3
DA:4,3
DA:6,3
DA:7,3
DA:8,3
DA:10,3
LF:8
LH:8
BRF:0
BRH:0
end_of_record
TN:
SF:src\routes\horarios.routes.js
FNF:0
FNH:0
DA:1,3
DA:2,3
DA:3,3
DA:4,3
DA:6,3
DA:7,3
DA:8,3
DA:9,3
DA:10,3
DA:12,3
LF:10
LH:10
BRF:0
BRH:0
end_of_record
TN:
SF:src\routes\recursos.routes.js
FNF:0
FNH:0
DA:1,3
DA:2,3
DA:3,3
DA:4,3
DA:6,3
DA:7,3
DA:8,3
DA:9,3
DA:10,3
DA:12,3
LF:10
LH:10
BRF:0
BRH:0
end_of_record
TN:
SF:src\routes\reservas.routes.js
FNF:0
FNH:0
DA:1,3
DA:2,3
DA:3,3
DA:4,3
DA:6,3
DA:7,3
DA:8,3
DA:9,3
DA:10,3
DA:11,3
DA:12,3
DA:13,3
DA:14,3
DA:15,3
DA:17,3
LF:15
LH:15
BRF:0
BRH:0
end_of_record
TN:
SF:src\routes\roles.routes.js
FNF:0
FNH:0
DA:1,3
DA:2,3
DA:3,3
DA:4,3
DA:6,3
DA:7,3
DA:8,3
DA:9,3
DA:10,3
DA:12,3
LF:10
LH:10
BRF:0
BRH:0
end_of_record
TN:
SF:src\routes\usuarios.routes.js
FNF:0
FNH:0
DA:1,3
DA:2,3
DA:3,3
DA:4,3
DA:6,3
DA:7,3
DA:8,3
DA:9,3
DA:10,3
DA:12,3
LF:10
LH:10
BRF:0
BRH:0
end_of_record
TN:
SF:src\services\auth.service.js
FN:15,normalizeEmail
FN:19,normalizeInstitutionalCode
FN:23,register
FN:104,verifyTwoFactor
FN:128,resendTwoFactor
FN:132,login
FN:140,adminLogin
FN:148,authenticateWithRoleRestriction
FN:186,ensureLoginNotTemporarilyBlocked
FN:208,recordLoginAttempt
FN:221,buildSession
FNF:11
FNH:8
FNDA:15,normalizeEmail
FNDA:1,normalizeInstitutionalCode
FNDA:10,register
FNDA:0,verifyTwoFactor
FNDA:0,resendTwoFactor
FNDA:18,login
FNDA:5,adminLogin
FNDA:7,authenticateWithRoleRestriction
FNDA:7,ensureLoginNotTemporarilyBlocked
FNDA:7,recordLoginAttempt
FNDA:0,buildSession
DA:1,4
DA:2,4
DA:3,4
DA:4,4
DA:5,4
DA:10,4
DA:12,4
DA:13,4
DA:16,15
DA:20,1
DA:24,10
DA:25,1
DA:26,1
DA:28,1
DA:29,0
DA:30,0
DA:31,0
DA:34,1
DA:35,0
DA:36,0
DA:37,0
DA:40,1
DA:41,0
DA:42,0
DA:43,0
DA:46,1
DA:47,1
DA:51,1
DA:52,0
DA:53,0
DA:54,0
DA:57,1
DA:58,0
DA:59,0
DA:60,0
DA:63,1
DA:64,0
DA:65,0
DA:66,0
DA:69,1
DA:70,1
DA:71,0
DA:72,0
DA:73,0
DA:76,1
DA:77,1
DA:78,0
DA:79,0
DA:80,0
DA:81,0
DA:84,1
DA:86,1
DA:99,1
DA:101,1
DA:105,0
DA:106,0
DA:107,0
DA:116,0
DA:118,0
DA:124,0
DA:129,0
DA:133,18
DA:134,6
DA:141,5
DA:142,1
DA:149,7
DA:150,7
DA:152,5
DA:153,5
DA:154,4
DA:155,4
DA:156,4
DA:157,4
DA:160,1
DA:161,1
DA:162,0
DA:163,0
DA:164,0
DA:165,0
DA:168,1
DA:169,1
DA:170,1
DA:171,1
DA:172,1
DA:175,0
DA:176,0
DA:177,0
DA:178,0
DA:179,0
DA:182,0
DA:183,0
DA:187,7
DA:188,7
DA:195,7
DA:197,2
DA:203,2
DA:204,2
DA:205,2
DA:209,7
DA:210,7
DA:217,0
DA:222,0
DA:233,0
DA:247,4
LF:104
LH:58
BRDA:16,0,0,15
BRDA:16,0,1,0
BRDA:20,1,0,1
BRDA:20,1,1,0
BRDA:28,2,0,0
BRDA:28,2,1,1
BRDA:34,3,0,0
BRDA:34,3,1,1
BRDA:40,4,0,0
BRDA:40,4,1,1
BRDA:47,5,0,1
BRDA:47,5,1,0
BRDA:51,6,0,0
BRDA:51,6,1,1
BRDA:57,7,0,0
BRDA:57,7,1,1
BRDA:63,8,0,0
BRDA:63,8,1,1
BRDA:70,9,0,0
BRDA:70,9,1,1
BRDA:77,10,0,0
BRDA:77,10,1,1
BRDA:88,11,0,1
BRDA:88,11,1,0
BRDA:104,12,0,0
BRDA:106,13,0,0
BRDA:106,13,1,0
BRDA:119,14,0,0
BRDA:119,14,1,0
BRDA:122,15,0,0
BRDA:122,15,1,0
BRDA:129,16,0,0
BRDA:129,16,1,0
BRDA:132,17,0,0
BRDA:140,18,0,0
BRDA:148,19,0,0
BRDA:153,20,0,4
BRDA:153,20,1,1
BRDA:161,21,0,0
BRDA:161,21,1,1
BRDA:168,22,0,1
BRDA:168,22,1,0
BRDA:175,23,0,0
BRDA:175,23,1,0
BRDA:175,24,0,0
BRDA:175,24,1,0
BRDA:186,25,0,0
BRDA:195,26,0,5
BRDA:195,26,1,2
BRF:49
BRH:18
end_of_record
TN:
SF:src\services\espacios.service.js
FN:6,list
FN:12,getById
FN:16,create
FN:46,update
FN:83,remove
FNF:5
FNH:1
FNDA:0,list
FNDA:0,getById
FNDA:2,create
FNDA:0,update
FNDA:0,remove
DA:1,4
DA:2,4
DA:3,4
DA:4,4
DA:7,0
DA:8,0
DA:9,0
DA:13,0
DA:17,2
DA:19,2
DA:20,2
DA:21,0
DA:22,0
DA:23,0
DA:26,2
DA:27,2
DA:28,1
DA:29,1
DA:30,1
DA:33,1
DA:34,1
DA:43,1
DA:47,0
DA:49,0
DA:50,0
DA:51,0
DA:52,0
DA:53,0
DA:56,0
DA:57,0
DA:58,0
DA:59,0
DA:60,0
DA:63,0
DA:64,0
DA:65,0
DA:66,0
DA:67,0
DA:70,0
DA:71,0
DA:80,0
DA:84,0
DA:85,0
DA:86,0
DA:87,0
DA:88,0
DA:91,0
DA:92,0
DA:101,0
DA:104,4
LF:50
LH:16
BRDA:6,0,0,0
BRDA:7,1,0,0
BRDA:7,1,1,0
BRDA:16,2,0,2
BRDA:20,3,0,0
BRDA:20,3,1,2
BRDA:27,4,0,1
BRDA:27,4,1,1
BRDA:46,5,0,0
BRDA:50,6,0,0
BRDA:50,6,1,0
BRDA:57,7,0,0
BRDA:57,7,1,0
BRDA:64,8,0,0
BRDA:64,8,1,0
BRDA:64,9,0,0
BRDA:64,9,1,0
BRDA:83,10,0,0
BRDA:85,11,0,0
BRDA:85,11,1,0
BRF:20
BRH:4
end_of_record
TN:
SF:src\services\estados.service.js
FN:5,list
FN:9,listByCategory
FN:13,getById
FN:17,create
FN:40,update
FN:76,remove
FNF:6
FNH:0
FNDA:0,list
FNDA:0,listByCategory
FNDA:0,getById
FNDA:0,create
FNDA:0,update
FNDA:0,remove
DA:1,3
DA:2,3
DA:3,3
DA:6,0
DA:10,0
DA:14,0
DA:18,0
DA:20,0
DA:21,0
DA:22,0
DA:23,0
DA:24,0
DA:27,0
DA:28,0
DA:37,0
DA:41,0
DA:43,0
DA:44,0
DA:45,0
DA:46,0
DA:47,0
DA:50,0
DA:51,0
DA:52,0
DA:53,0
DA:54,0
DA:57,0
DA:58,0
DA:73,0
DA:77,0
DA:78,0
DA:79,0
DA:80,0
DA:81,0
DA:84,0
DA:85,0
DA:94,0
DA:97,3
LF:38
LH:4
BRDA:17,0,0,0
BRDA:21,1,0,0
BRDA:21,1,1,0
BRDA:40,2,0,0
BRDA:44,3,0,0
BRDA:44,3,1,0
BRDA:51,4,0,0
BRDA:51,4,1,0
BRDA:51,5,0,0
BRDA:51,5,1,0
BRDA:76,6,0,0
BRDA:78,7,0,0
BRDA:78,7,1,0
BRF:13
BRH:0
end_of_record
TN:
SF:src\services\historial.service.js
FN:3,list
FN:7,listByReservaId
FN:18,listMine
FN:22,listByReservaIdForUser
FNF:4
FNH:0
FNDA:0,list
FNDA:0,listByReservaId
FNDA:0,listMine
FNDA:0,listByReservaIdForUser
DA:1,3
DA:4,0
DA:8,0
DA:9,0
DA:10,0
DA:11,0
DA:12,0
DA:15,0
DA:19,0
DA:23,0
DA:24,0
DA:25,0
DA:26,0
DA:27,0
DA:30,0
DA:31,0
DA:32,0
DA:33,0
DA:36,0
DA:39,3
LF:20
LH:2
BRDA:9,0,0,0
BRDA:9,0,1,0
BRDA:24,1,0,0
BRDA:24,1,1,0
BRDA:30,2,0,0
BRDA:30,2,1,0
BRDA:30,3,0,0
BRDA:30,3,1,0
BRF:8
BRH:0
end_of_record
TN:
SF:src\services\horarios.service.js
FN:4,list
FN:8,getById
FN:12,create
FN:17,update
FN:30,remove
FNF:5
FNH:0
FNDA:0,list
FNDA:0,getById
FNDA:0,create
FNDA:0,update
FNDA:0,remove
DA:1,3
DA:2,3
DA:5,0
DA:9,0
DA:13,0
DA:14,0
DA:18,0
DA:20,0
DA:21,0
DA:22,0
DA:23,0
DA:24,0
DA:27,0
DA:31,0
DA:32,0
DA:33,0
DA:34,0
DA:35,0
DA:38,0
DA:41,3
LF:20
LH:3
BRDA:21,0,0,0
BRDA:21,0,1,0
BRDA:32,1,0,0
BRDA:32,1,1,0
BRF:4
BRH:0
end_of_record
TN:
SF:src\services\institutional-code.service.js
FN:10,normalizeEmail
FN:14,buildPrefix
FN:23,createTransporter
FN:33,buildTemplate
FN:59,nextSequence
FN:92,sendCodeEmail
FN:115,requestInstitutionalCode
FN:177,verifyInstitutionalCode
FNF:8
FNH:8
FNDA:2,normalizeEmail
FNDA:2,buildPrefix
FNDA:1,createTransporter
FNDA:1,buildTemplate
FNDA:1,nextSequence
FNDA:1,sendCodeEmail
FNDA:1,requestInstitutionalCode
FNDA:1,verifyInstitutionalCode
DA:1,1
DA:2,1
DA:3,1
DA:4,1
DA:6,1
DA:7,1
DA:8,1
DA:11,2
DA:15,2
DA:20,2
DA:24,1
DA:25,1
DA:34,1
DA:60,1
DA:61,1
DA:62,0
DA:63,0
DA:64,0
DA:67,1
DA:68,1
DA:70,1
DA:75,1
DA:76,1
DA:77,0
DA:78,0
DA:83,1
DA:89,1
DA:93,1
DA:94,1
DA:95,0
DA:96,0
DA:97,0
DA:99,0
DA:100,0
DA:101,0
DA:104,1
DA:112,1
DA:116,1
DA:117,1
DA:118,1
DA:119,0
DA:120,0
DA:121,0
DA:124,1
DA:125,1
DA:126,0
DA:127,0
DA:128,0
DA:131,1
DA:132,1
DA:133,1
DA:134,1
DA:135,1
DA:136,1
DA:137,1
DA:139,1
DA:146,1
DA:148,1
DA:149,1
DA:159,1
DA:170,0
DA:171,0
DA:173,1
DA:178,1
DA:179,1
DA:180,1
DA:181,0
DA:182,0
DA:183,0
DA:186,1
DA:187,1
DA:188,0
DA:197,0
DA:198,0
DA:199,0
DA:202,1
DA:203,0
DA:212,0
DA:213,0
DA:214,0
DA:217,1
DA:218,1
DA:219,1
DA:220,1
DA:229,1
DA:230,1
DA:231,1
DA:234,0
DA:235,0
DA:245,0
DA:257,1
LF:91
LH:58
BRDA:11,0,0,2
BRDA:11,0,1,0
BRDA:20,1,0,2
BRDA:20,1,1,0
BRDA:20,2,0,2
BRDA:20,2,1,0
BRDA:24,3,0,0
BRDA:24,3,1,1
BRDA:24,4,0,1
BRDA:24,4,1,1
BRDA:24,4,2,1
BRDA:61,5,0,0
BRDA:61,5,1,1
BRDA:76,6,0,0
BRDA:76,6,1,1
BRDA:94,7,0,0
BRDA:94,7,1,1
BRDA:95,8,0,0
BRDA:95,8,1,0
BRDA:118,9,0,0
BRDA:118,9,1,1
BRDA:125,10,0,0
BRDA:125,10,1,1
BRDA:180,11,0,0
BRDA:180,11,1,1
BRDA:187,12,0,0
BRDA:187,12,1,1
BRDA:202,13,0,0
BRDA:202,13,1,1
BRDA:217,14,0,1
BRDA:217,14,1,0
BRDA:218,15,0,1
BRDA:218,15,1,0
BRF:33
BRH:17
end_of_record
TN:
SF:src\services\recursos.service.js
FN:6,list
FN:12,getById
FN:16,create
FN:55,update
FN:101,remove
FNF:5
FNH:1
FNDA:0,list
FNDA:0,getById
FNDA:1,create
FNDA:0,update
FNDA:0,remove
DA:1,4
DA:2,4
DA:3,4
DA:4,4
DA:7,0
DA:8,0
DA:9,0
DA:13,0
DA:17,1
DA:19,1
DA:20,1
DA:21,0
DA:22,0
DA:23,0
DA:26,1
DA:27,1
DA:28,1
DA:29,0
DA:30,0
DA:31,0
DA:35,1
DA:36,1
DA:37,0
DA:38,0
DA:39,0
DA:42,1
DA:43,1
DA:52,1
DA:56,0
DA:58,0
DA:59,0
DA:60,0
DA:61,0
DA:62,0
DA:65,0
DA:66,0
DA:67,0
DA:68,0
DA:69,0
DA:72,0
DA:73,0
DA:74,0
DA:75,0
DA:76,0
DA:77,0
DA:81,0
DA:82,0
DA:83,0
DA:84,0
DA:85,0
DA:88,0
DA:89,0
DA:98,0
DA:102,0
DA:103,0
DA:104,0
DA:105,0
DA:106,0
DA:109,0
DA:110,0
DA:119,0
DA:122,4
LF:62
LH:16
BRDA:6,0,0,0
BRDA:7,1,0,0
BRDA:7,1,1,0
BRDA:16,2,0,1
BRDA:20,3,0,0
BRDA:20,3,1,1
BRDA:26,4,0,1
BRDA:26,4,1,0
BRDA:28,5,0,0
BRDA:28,5,1,1
BRDA:36,6,0,0
BRDA:36,6,1,1
BRDA:55,7,0,0
BRDA:59,8,0,0
BRDA:59,8,1,0
BRDA:66,9,0,0
BRDA:66,9,1,0
BRDA:72,10,0,0
BRDA:72,10,1,0
BRDA:74,11,0,0
BRDA:74,11,1,0
BRDA:82,12,0,0
BRDA:82,12,1,0
BRDA:82,13,0,0
BRDA:82,13,1,0
BRDA:101,14,0,0
BRDA:103,15,0,0
BRDA:103,15,1,0
BRF:28
BRH:5
end_of_record
TN:
SF:src\services\reservas.service.js
FN:7,list
FN:13,listByUserId
FN:19,checkDisponibilidad
FN:51,getById
FN:55,getByIdForUser
FN:67,create
FN:130,createForUser
FN:134,update
FN:191,updateForUser
FN:201,remove
FN:238,changeState
FN:290,cancelForUser
FNF:12
FNH:9
FNDA:1,list
FNDA:1,listByUserId
FNDA:2,checkDisponibilidad
FNDA:0,getById
FNDA:6,getByIdForUser
FNDA:3,create
FNDA:0,createForUser
FNDA:1,update
FNDA:1,updateForUser
FNDA:0,remove
FNDA:3,changeState
FNDA:2,cancelForUser
DA:1,4
DA:2,4
DA:3,4
DA:4,4
DA:5,4
DA:8,1
DA:9,1
DA:10,1
DA:14,1
DA:15,1
DA:16,1
DA:20,2
DA:21,0
DA:22,0
DA:23,0
DA:26,2
DA:27,1
DA:28,1
DA:29,1
DA:32,1
DA:33,1
DA:34,1
DA:35,1
DA:36,1
DA:39,0
DA:41,0
DA:52,0
DA:56,6
DA:57,6
DA:58,5
DA:59,4
DA:62,1
DA:63,1
DA:64,1
DA:68,3
DA:70,3
DA:77,3
DA:78,1
DA:79,1
DA:80,1
DA:83,2
DA:89,2
DA:90,1
DA:91,1
DA:92,1
DA:95,1
DA:96,1
DA:97,1
DA:98,1
DA:99,1
DA:107,1
DA:108,1
DA:109,1
DA:121,1
DA:123,0
DA:124,0
DA:126,1
DA:131,0
DA:135,1
DA:137,1
DA:138,1
DA:139,1
DA:140,1
DA:141,1
DA:144,0
DA:151,0
DA:152,0
DA:153,0
DA:154,0
DA:157,0
DA:158,0
DA:159,0
DA:160,0
DA:161,0
DA:169,0
DA:170,0
DA:171,0
DA:182,0
DA:184,0
DA:185,0
DA:187,0
DA:192,1
DA:193,1
DA:194,1
DA:195,1
DA:196,1
DA:198,0
DA:202,0
DA:203,0
DA:204,0
DA:205,0
DA:206,0
DA:209,0
DA:210,0
DA:211,0
DA:212,0
DA:220,0
DA:221,0
DA:222,0
DA:229,0
DA:231,0
DA:232,0
DA:234,0
DA:239,3
DA:240,3
DA:241,1
DA:242,1
DA:243,1
DA:246,2
DA:247,2
DA:248,1
DA:249,1
DA:250,1
DA:253,1
DA:254,1
DA:255,1
DA:256,1
DA:260,1
DA:268,1
DA:269,1
DA:270,1
DA:281,1
DA:283,0
DA:284,0
DA:286,1
DA:291,2
DA:292,2
DA:293,1
DA:294,1
DA:295,1
DA:298,1
DA:301,4
LF:132
LH:87
BRDA:7,0,0,0
BRDA:8,1,0,0
BRDA:8,1,1,1
BRDA:13,2,0,0
BRDA:14,3,0,0
BRDA:14,3,1,1
BRDA:20,4,0,0
BRDA:20,4,1,2
BRDA:20,5,0,2
BRDA:20,5,1,2
BRDA:20,5,2,2
BRDA:26,6,0,1
BRDA:26,6,1,1
BRDA:33,7,0,1
BRDA:33,7,1,0
BRDA:44,8,0,0
BRDA:44,8,1,0
BRDA:45,9,0,0
BRDA:45,9,1,0
BRDA:57,10,0,1
BRDA:57,10,1,5
BRDA:58,11,0,4
BRDA:58,11,1,1
BRDA:58,12,0,5
BRDA:58,12,1,4
BRDA:77,13,0,1
BRDA:77,13,1,2
BRDA:77,14,0,3
BRDA:77,14,1,2
BRDA:77,14,2,2
BRDA:77,14,3,2
BRDA:89,15,0,1
BRDA:89,15,1,1
BRDA:101,16,0,1
BRDA:101,16,1,0
BRDA:105,17,0,1
BRDA:105,17,1,1
BRDA:110,18,0,1
BRDA:110,18,1,0
BRDA:138,19,0,1
BRDA:138,19,1,0
BRDA:151,20,0,0
BRDA:151,20,1,0
BRDA:163,21,0,0
BRDA:163,21,1,0
BRDA:167,22,0,0
BRDA:167,22,1,0
BRDA:172,23,0,0
BRDA:172,23,1,0
BRDA:193,24,0,1
BRDA:193,24,1,0
BRDA:203,25,0,0
BRDA:203,25,1,0
BRDA:214,26,0,0
BRDA:214,26,1,0
BRDA:223,27,0,0
BRDA:223,27,1,0
BRDA:240,28,0,1
BRDA:240,28,1,2
BRDA:247,29,0,1
BRDA:247,29,1,1
BRDA:262,30,0,1
BRDA:262,30,1,0
BRDA:266,31,0,1
BRDA:266,31,1,0
BRDA:271,32,0,1
BRDA:271,32,1,0
BRDA:278,33,0,1
BRDA:278,33,1,0
BRDA:292,34,0,1
BRDA:292,34,1,1
BRF:71
BRH:39
end_of_record
TN:
SF:src\services\roles.service.js
FN:5,list
FN:9,getById
FN:13,create
FN:36,update
FN:66,remove
FNF:5
FNH:1
FNDA:0,list
FNDA:0,getById
FNDA:2,create
FNDA:0,update
FNDA:0,remove
DA:1,4
DA:2,4
DA:3,4
DA:6,0
DA:10,0
DA:14,2
DA:16,2
DA:17,2
DA:18,1
DA:19,1
DA:20,1
DA:23,1
DA:24,1
DA:33,1
DA:37,0
DA:39,0
DA:40,0
DA:41,0
DA:42,0
DA:43,0
DA:46,0
DA:47,0
DA:48,0
DA:49,0
DA:50,0
DA:53,0
DA:54,0
DA:63,0
DA:67,0
DA:68,0
DA:69,0
DA:70,0
DA:71,0
DA:74,0
DA:75,0
DA:84,0
DA:87,4
LF:37
LH:13
BRDA:13,0,0,2
BRDA:17,1,0,1
BRDA:17,1,1,1
BRDA:36,2,0,0
BRDA:40,3,0,0
BRDA:40,3,1,0
BRDA:47,4,0,0
BRDA:47,4,1,0
BRDA:47,5,0,0
BRDA:47,5,1,0
BRDA:66,6,0,0
BRDA:68,7,0,0
BRDA:68,7,1,0
BRF:13
BRH:3
end_of_record
TN:
SF:src\services\two-factor.service.js
FN:11,generateOtp
FN:15,isDemoEmail
FN:19,createTransporter
FN:35,verifySmtpConnection
FN:50,buildOtpEmailTemplate
FN:92,sendOtpEmail
FN:134,createAndSend
FN:158,verifyCode
FN:185,resendCode
FNF:9
FNH:7
FNDA:2,generateOtp
FNDA:2,isDemoEmail
FNDA:2,createTransporter
FNDA:1,verifySmtpConnection
FNDA:1,buildOtpEmailTemplate
FNDA:2,sendOtpEmail
FNDA:2,createAndSend
FNDA:0,verifyCode
FNDA:0,resendCode
DA:1,3
DA:2,3
DA:3,3
DA:4,3
DA:5,3
DA:7,3
DA:8,3
DA:9,3
DA:12,2
DA:16,2
DA:20,2
DA:21,1
DA:24,1
DA:36,1
DA:37,1
DA:38,1
DA:39,1
DA:41,0
DA:42,0
DA:45,0
DA:46,0
DA:47,0
DA:51,1
DA:52,1
DA:93,2
DA:94,1
DA:95,1
DA:97,1
DA:100,1
DA:101,1
DA:102,0
DA:103,0
DA:104,0
DA:107,0
DA:108,0
DA:109,0
DA:112,1
DA:113,1
DA:121,0
DA:126,0
DA:127,0
DA:128,0
DA:131,1
DA:135,2
DA:136,2
DA:137,2
DA:138,2
DA:140,2
DA:147,2
DA:149,2
DA:159,0
DA:160,0
DA:161,0
DA:162,0
DA:165,0
DA:166,0
DA:167,0
DA:168,0
DA:169,0
DA:170,0
DA:171,0
DA:174,0
DA:175,0
DA:176,0
DA:177,0
DA:178,0
DA:181,0
DA:182,0
DA:186,0
DA:187,0
DA:188,0
DA:189,0
DA:192,0
DA:193,0
DA:194,0
DA:195,0
DA:196,0
DA:199,0
DA:202,3
LF:79
LH:36
BRDA:16,0,0,2
BRDA:16,0,1,0
BRDA:20,1,0,1
BRDA:20,1,1,1
BRDA:20,2,0,2
BRDA:20,2,1,1
BRDA:20,2,2,1
BRDA:37,3,0,1
BRDA:37,3,1,0
BRDA:38,4,0,1
BRDA:38,4,1,0
BRDA:46,5,0,0
BRDA:46,5,1,0
BRDA:51,6,0,1
BRDA:51,6,1,0
BRDA:93,7,0,1
BRDA:93,7,1,1
BRDA:94,8,0,1
BRDA:94,8,1,0
BRDA:101,9,0,0
BRDA:101,9,1,1
BRDA:102,10,0,0
BRDA:102,10,1,0
BRDA:135,11,0,0
BRDA:135,11,1,2
BRDA:159,12,0,0
BRDA:159,12,1,0
BRDA:159,13,0,0
BRDA:159,13,1,0
BRDA:159,14,0,0
BRDA:159,14,1,0
BRDA:166,15,0,0
BRDA:166,15,1,0
BRDA:168,16,0,0
BRDA:168,16,1,0
BRDA:175,17,0,0
BRDA:175,17,1,0
BRDA:186,18,0,0
BRDA:186,18,1,0
BRDA:193,19,0,0
BRDA:193,19,1,0
BRDA:193,20,0,0
BRDA:193,20,1,0
BRF:43
BRH:14
end_of_record
TN:
SF:src\services\usuarios.service.js
FN:8,normalizeEmail
FN:12,normalizeInstitutionalCode
FN:16,generateInstitutionalCode
FN:28,mapDuplicateError
FN:47,list
FN:53,getById
FN:57,generateTemporaryPassword
FN:61,create
FN:140,update
FN:225,remove
FNF:10
FNH:9
FNDA:6,normalizeEmail
FNDA:4,normalizeInstitutionalCode
FNDA:1,generateInstitutionalCode
FNDA:0,mapDuplicateError
FNDA:1,list
FNDA:1,getById
FNDA:1,generateTemporaryPassword
FNDA:4,create
FNDA:2,update
FNDA:1,remove
DA:1,4
DA:2,4
DA:3,4
DA:4,4
DA:5,4
DA:6,4
DA:9,6
DA:13,4
DA:17,1
DA:22,1
DA:23,1
DA:24,1
DA:25,1
DA:29,0
DA:30,0
DA:31,0
DA:33,0
DA:34,0
DA:36,0
DA:37,0
DA:39,0
DA:40,0
DA:41,0
DA:42,0
DA:44,0
DA:48,1
DA:49,1
DA:50,1
DA:54,1
DA:58,1
DA:62,4
DA:63,4
DA:65,4
DA:66,4
DA:67,0
DA:68,0
DA:69,0
DA:72,4
DA:73,4
DA:75,4
DA:76,4
DA:77,0
DA:78,0
DA:79,0
DA:82,4
DA:86,4
DA:87,4
DA:88,1
DA:89,1
DA:90,1
DA:93,3
DA:94,0
DA:95,0
DA:96,0
DA:99,3
DA:100,1
DA:101,1
DA:102,1
DA:106,2
DA:107,2
DA:114,0
DA:115,0
DA:116,0
DA:117,0
DA:118,0
DA:120,0
DA:123,2
DA:137,2
DA:141,2
DA:142,2
DA:144,2
DA:145,2
DA:146,0
DA:147,0
DA:148,0
DA:151,2
DA:152,2
DA:153,0
DA:154,0
DA:155,0
DA:158,2
DA:159,2
DA:160,0
DA:161,0
DA:162,0
DA:165,2
DA:166,2
DA:167,1
DA:168,1
DA:169,1
DA:172,1
DA:173,1
DA:174,0
DA:175,0
DA:176,0
DA:179,1
DA:183,1
DA:184,1
DA:185,1
DA:186,0
DA:187,0
DA:188,0
DA:193,1
DA:194,1
DA:199,0
DA:200,0
DA:201,0
DA:202,0
DA:203,0
DA:205,0
DA:208,1
DA:222,1
DA:226,1
DA:227,1
DA:228,0
DA:229,0
DA:230,0
DA:233,1
DA:235,1
DA:245,1
DA:248,4
LF:121
LH:70
BRDA:9,0,0,6
BRDA:9,0,1,0
BRDA:13,1,0,4
BRDA:13,1,1,0
BRDA:22,2,0,1
BRDA:22,2,1,0
BRDA:22,3,0,1
BRDA:22,3,1,0
BRDA:29,4,0,0
BRDA:29,4,1,0
BRDA:30,5,0,0
BRDA:30,5,1,0
BRDA:33,6,0,0
BRDA:33,6,1,0
BRDA:36,7,0,0
BRDA:36,7,1,0
BRDA:39,8,0,0
BRDA:39,8,1,0
BRDA:39,9,0,0
BRDA:39,9,1,0
BRDA:40,10,0,0
BRDA:40,10,1,0
BRDA:41,11,0,0
BRDA:41,11,1,0
BRDA:42,12,0,0
BRDA:42,12,1,0
BRDA:47,13,0,0
BRDA:48,14,0,0
BRDA:48,14,1,1
BRDA:61,15,0,4
BRDA:66,16,0,0
BRDA:66,16,1,4
BRDA:73,17,0,4
BRDA:73,17,1,1
BRDA:75,18,0,0
BRDA:75,18,1,4
BRDA:76,19,0,0
BRDA:76,19,1,4
BRDA:82,20,0,3
BRDA:82,20,1,1
BRDA:87,21,0,1
BRDA:87,21,1,3
BRDA:93,22,0,0
BRDA:93,22,1,3
BRDA:99,23,0,1
BRDA:99,23,1,2
BRDA:99,24,0,3
BRDA:99,24,1,3
BRDA:115,25,0,0
BRDA:115,25,1,0
BRDA:140,26,0,2
BRDA:145,27,0,0
BRDA:145,27,1,2
BRDA:152,28,0,0
BRDA:152,28,1,2
BRDA:159,29,0,0
BRDA:159,29,1,2
BRDA:166,30,0,1
BRDA:166,30,1,1
BRDA:166,31,0,2
BRDA:166,31,1,2
BRDA:173,32,0,0
BRDA:173,32,1,1
BRDA:173,33,0,1
BRDA:173,33,1,1
BRDA:179,34,0,1
BRDA:179,34,1,0
BRDA:183,35,0,1
BRDA:183,35,1,0
BRDA:185,36,0,0
BRDA:185,36,1,1
BRDA:185,37,0,1
BRDA:185,37,1,1
BRDA:200,38,0,0
BRDA:200,38,1,0
BRDA:225,39,0,0
BRDA:227,40,0,0
BRDA:227,40,1,1
BRF:78
BRH:37
end_of_record
TN:
SF:src\utils\asyncHandler.js
FN:1,asyncHandler
FN:2,(anonymous_1)
FNF:2
FNH:2
FNDA:36,asyncHandler
FNDA:32,(anonymous_1)
DA:2,36
DA:3,32
DA:7,3
LF:3
LH:3
BRF:0
BRH:0
end_of_record
TN:
SF:src\utils\audit.js
FN:3,recordAudit
FN:11,buildRequestMeta
FNF:2
FNH:0
FNDA:0,recordAudit
FNDA:0,buildRequestMeta
DA:1,3
DA:4,0
DA:5,0
DA:7,0
DA:12,0
DA:19,3
LF:6
LH:2
BRF:0
BRH:0
end_of_record
TN:
SF:src\utils\cedula-ecuador.js
FN:29,validateCedulaEcuador
FN:45,(anonymous_1)
FNF:2
FNH:2
FNDA:17,validateCedulaEcuador
FNDA:144,(anonymous_1)
DA:1,11
DA:30,17
DA:32,17
DA:33,0
DA:36,17
DA:37,17
DA:38,17
DA:40,17
DA:41,1
DA:44,16
DA:45,16
DA:46,144
DA:47,144
DA:48,144
DA:51,16
DA:52,16
DA:54,16
DA:60,11
LF:18
LH:17
BRDA:30,0,0,17
BRDA:30,0,1,0
BRDA:32,1,0,0
BRDA:32,1,1,17
BRDA:37,2,0,17
BRDA:37,2,1,1
BRDA:40,3,0,1
BRDA:40,3,1,16
BRDA:40,4,0,17
BRDA:40,4,1,16
BRDA:47,5,0,16
BRDA:47,5,1,128
BRDA:51,6,0,0
BRDA:51,6,1,16
BRDA:56,7,0,16
BRDA:56,7,1,0
BRF:16
BRH:12
end_of_record
TN:
SF:src\utils\pagination.js
FN:4,parsePagination
FN:22,buildPaginatedResult
FNF:2
FNH:2
FNDA:3,parsePagination
FNDA:4,buildPaginatedResult
DA:1,7
DA:2,7
DA:5,3
DA:6,3
DA:8,3
DA:9,1
DA:12,2
DA:13,2
DA:15,2
DA:23,4
DA:34,7
LF:11
LH:11
BRDA:4,0,0,0
BRDA:8,1,0,1
BRDA:8,1,1,2
BRDA:8,2,0,3
BRDA:8,2,1,2
BRF:5
BRH:4
end_of_record
TN:
SF:src\utils\security.js
FN:1,normalizeText
FN:10,hasDangerousContent
FN:15,assertSafeText
FNF:3
FNH:3
FNDA:269,normalizeText
FNDA:52,hasDangerousContent
FNDA:50,assertSafeText
DA:2,269
DA:3,269
DA:11,52
DA:12,52
DA:16,50
DA:17,3
DA:18,3
DA:19,3
DA:23,11
LF:9
LH:9
BRDA:1,0,0,0
BRDA:2,1,0,0
BRDA:2,1,1,269
BRDA:2,2,0,269
BRDA:2,2,1,269
BRDA:11,3,0,0
BRDA:11,3,1,52
BRDA:11,4,0,52
BRDA:11,4,1,52
BRDA:16,5,0,3
BRDA:16,5,1,47
BRF:11
BRH:8
end_of_record
TN:
SF:src\validators\index.js
FN:4,requireFields
FN:6,(anonymous_1)
FN:15,cleanString
FN:20,sanitizePayload
FN:29,validateEmail
FN:41,validateName
FN:52,validateInstitutionalCode
FN:63,validateCedulaPayload
FN:77,validatePassword
FN:85,(anonymous_9)
FN:85,(anonymous_10)
FN:94,validateRolePayload
FN:99,validateAuthRegisterPayload
FN:117,validateAuthLoginPayload
FN:123,validateAdminLoginPayload
FN:129,validateUsuarioPayload
FN:144,validateEspacioPayload
FN:149,validateRecursoPayload
FN:154,validateHorarioPayload
FN:159,validateEstadoPayload
FN:164,validateReservaPayload
FNF:21
FNH:20
FNDA:58,requireFields
FNDA:239,(anonymous_1)
FNDA:268,cleanString
FNDA:58,sanitizePayload
FNDA:39,validateEmail
FNDA:35,validateName
FNDA:14,validateInstitutionalCode
FNDA:15,validateCedulaPayload
FNDA:7,validatePassword
FNDA:35,(anonymous_9)
FNDA:3,(anonymous_10)
FNDA:3,validateRolePayload
FNDA:13,validateAuthRegisterPayload
FNDA:19,validateAuthLoginPayload
FNDA:5,validateAdminLoginPayload
FNDA:7,validateUsuarioPayload
FNDA:3,validateEspacioPayload
FNDA:2,validateRecursoPayload
FNDA:0,validateHorarioPayload
FNDA:1,validateEstadoPayload
FNDA:5,validateReservaPayload
DA:1,10
DA:2,10
DA:5,58
DA:6,239
DA:8,58
DA:9,0
DA:10,0
DA:11,0
DA:16,268
DA:17,268
DA:21,58
DA:22,207
DA:23,165
DA:26,58
DA:30,39
DA:31,39
DA:33,39
DA:34,21
DA:35,21
DA:36,21
DA:38,18
DA:42,35
DA:43,35
DA:44,33
DA:45,3
DA:46,3
DA:47,3
DA:49,30
DA:53,14
DA:54,14
DA:55,14
DA:56,0
DA:57,0
DA:58,0
DA:60,14
DA:64,15
DA:65,15
DA:66,15
DA:67,0
DA:68,0
DA:69,0
DA:71,15
DA:78,7
DA:85,35
DA:87,7
DA:88,1
DA:89,1
DA:90,1
DA:95,3
DA:96,3
DA:100,13
DA:101,13
DA:102,13
DA:103,8
DA:104,8
DA:105,8
DA:106,8
DA:107,8
DA:108,8
DA:109,4
DA:110,3
DA:111,1
DA:112,1
DA:113,1
DA:118,19
DA:119,19
DA:120,19
DA:124,5
DA:125,5
DA:126,5
DA:130,7
DA:131,7
DA:132,7
DA:133,7
DA:134,7
DA:135,7
DA:136,7
DA:137,7
DA:138,6
DA:140,7
DA:141,7
DA:145,3
DA:146,3
DA:150,2
DA:151,2
DA:155,0
DA:156,0
DA:160,1
DA:161,1
DA:165,5
DA:166,5
DA:177,5
DA:178,0
DA:179,0
DA:180,0
DA:184,10
LF:96
LH:82
BRDA:6,0,0,239
BRDA:6,0,1,239
BRDA:6,0,2,239
BRDA:8,1,0,0
BRDA:8,1,1,58
BRDA:15,2,0,165
BRDA:16,3,0,0
BRDA:16,3,1,268
BRDA:16,4,0,268
BRDA:16,4,1,268
BRDA:20,5,0,0
BRDA:22,6,0,165
BRDA:22,6,1,42
BRDA:22,7,0,207
BRDA:22,7,1,165
BRDA:31,8,0,39
BRDA:31,8,1,21
BRDA:33,9,0,21
BRDA:33,9,1,18
BRDA:44,10,0,3
BRDA:44,10,1,30
BRDA:55,11,0,0
BRDA:55,11,1,14
BRDA:66,12,0,0
BRDA:66,12,1,15
BRDA:79,13,0,7
BRDA:79,13,1,7
BRDA:80,14,0,7
BRDA:80,14,1,0
BRDA:81,15,0,7
BRDA:81,15,1,0
BRDA:82,16,0,7
BRDA:82,16,1,0
BRDA:83,17,0,7
BRDA:83,17,1,0
BRDA:87,18,0,1
BRDA:87,18,1,6
BRDA:110,19,0,1
BRDA:110,19,1,2
BRDA:137,20,0,6
BRDA:137,20,1,1
BRDA:141,21,0,3
BRDA:141,21,1,4
BRDA:177,22,0,0
BRDA:177,22,1,5
BRF:45
BRH:35
end_of_record
